2025-01-30 14:17:49,615 - zmirror - INFO - starting zmirror
2025-01-30 14:17:49,626 - zmirror - INFO - listening on /var/run/zmirror/zmirror_service.socket
2025-01-30 14:18:17,792 - zmirror - INFO - handling client connection
2025-01-30 14:18:17,793 - zmirror - INFO - handling event
2025-01-30 14:18:17,794 - zmirror - INFO - {
  "UDEV_DATABASE_VERSION": "1",
  "ACTION": "add",
  "DEVPATH": "/devices/virtual/block/dm-4",
  "SUBSYSTEM": "block",
  "DEVNAME": "/dev/dm-4",
  "DEVTYPE": "disk",
  "DISKSEQ": "56",
  "SEQNUM": "6997",
  "MAJOR": "254",
  "MINOR": "4",
  "USEC_INITIALIZED": "674592658423",
  "PATH": "/nix/store/a658r4hq7scghskrlkph2jlhh2kq3l2j-udev-path/bin:/nix/store/a658r4hq7scghskrlkph2jlhh2kq3l2j-udev-path/sbin",
  "DM_UDEV_DISABLE_OTHER_RULES_FLAG": "1",
  "DM_UDEV_DISABLE_SUBSYSTEM_RULES_FLAG": "1",
  "DM_UDEV_DISABLE_DISK_RULES_FLAG": "1",
  "DEVLINKS": "/dev/disk/by-uuid",
  "TAGS": ":systemd:",
  "CURRENT_TAGS": ":systemd:",
  "SYSTEMD_READY": "0",
  "ID_PROCESSING": "1",
  "PYTHONNOUSERSITE": "true",
  "LC_CTYPE": "C.UTF-8"
}
2025-01-30 14:18:17,794 - zmirror - INFO - writing cache
2025-01-30 14:18:17,794 - zmirror - INFO - cache written.
2025-01-30 14:18:17,882 - zmirror - INFO - handling client connection
2025-01-30 14:18:17,882 - zmirror - INFO - handling event
2025-01-30 14:18:17,882 - zmirror - INFO - {
  "UDEV_DATABASE_VERSION": "1",
  "ACTION": "change",
  "DEVPATH": "/devices/virtual/block/dm-4",
  "SUBSYSTEM": "block",
  "DM_COOKIE": "6350834",
  "DEVNAME": "/dev/dm-4",
  "DEVTYPE": "disk",
  "DISKSEQ": "56",
  "SEQNUM": "6998",
  "USEC_INITIALIZED": "674592658423",
  "MAJOR": "254",
  "MINOR": "4",
  "PATH": "/nix/store/a658r4hq7scghskrlkph2jlhh2kq3l2j-udev-path/bin:/nix/store/a658r4hq7scghskrlkph2jlhh2kq3l2j-udev-path/sbin",
  "TAGS": ":systemd:",
  "DM_UDEV_DISABLE_LIBRARY_FALLBACK_FLAG": "1",
  "DM_UDEV_PRIMARY_SOURCE_FLAG": "1",
  "DM_COOKIE_DISABLE_OTHER_RULES_FLAG": "",
  "DM_ACTIVATION": "1",
  "DM_NAME": "vg--test-lv--test",
  "DM_UUID": "LVM-4Cft1d3ZkiQb3Ijvd6m3YfyW9UUc1Y18hL1hykBBnbPwF7seExGBdZEvHQsdZ3Cf",
  ".DM_SUSPENDED": "0",
  "DM_UDEV_RULES_VSN": "3",
  "DEVLINKS": "/dev/disk/by-id/dm-name-vg--test-lv--test /dev/vg-test/lv-test /dev/disk/by-uuid /dev/mapper/vg--test-lv--test /dev/disk/by-id/dm-uuid-LVM-4Cft1d3ZkiQb3Ijvd6m3YfyW9UUc1Y18hL1hykBBnbPwF7seExGBdZEvHQsdZ3Cf",
  "DM_VG_NAME": "vg-test",
  "DM_LV_NAME": "lv-test",
  "DM_LV_LAYER": "",
  "CURRENT_TAGS": ":systemd:",
  "ID_PROCESSING": "1",
  "PYTHONNOUSERSITE": "true",
  "LC_CTYPE": "C.UTF-8"
}
2025-01-30 14:18:17,882 - zmirror - INFO - writing cache
2025-01-30 14:18:17,883 - zmirror - INFO - cache written.
2025-01-30 14:30:00,510 - zmirror - INFO - handling client connection
2025-01-30 14:30:00,510 - zmirror - INFO - handling event
2025-01-30 14:30:00,511 - zmirror - INFO - {
  "ZEVENT_CLASS": "sysevent.fs.zfs.history_event",
  "ZEVENT_POOL_GUID": "0x8D2B8D399AF9421C",
  "ZEVENT_HISTORY_DSID": "28273",
  "ZED": "/nix/store/6ayll03blb7pj4qbjqwmabx7plr8z8d2-zfs-user-2.2.7/sbin/zed",
  "ZEVENT_TIME_NSECS": "426965370",
  "ZEVENT_VERSION": "0",
  "ZEVENT_POOL_STATE": "0",
  "PWD": "/",
  "ZEVENT_HISTORY_TIME": "1738243800",
  "ZDB": "/nix/store/6ayll03blb7pj4qbjqwmabx7plr8z8d2-zfs-user-2.2.7/sbin/zdb",
  "ZEVENT_POOL_CONTEXT": "0",
  "ZPOOL": "/nix/store/6ayll03blb7pj4qbjqwmabx7plr8z8d2-zfs-user-2.2.7/sbin/zpool",
  "ZEVENT_HISTORY_INTERNAL_STR": " ",
  "ZEVENT_TIME_STRING": "2025-01-30 14:30:00+0100",
  "ZEVENT_HISTORY_INTERNAL_NAME": "snapshot",
  "ZINJECT": "/nix/store/6ayll03blb7pj4qbjqwmabx7plr8z8d2-zfs-user-2.2.7/sbin/zinject",
  "ZFS_VERSION": "2.2.7",
  "ZEVENT_TIME": "1738243800 426965370",
  "ZFS_ALIAS": "zfs-2.2.7-1",
  "SHLVL": "1",
  "ZFS": "/nix/store/6ayll03blb7pj4qbjqwmabx7plr8z8d2-zfs-user-2.2.7/sbin/zfs",
  "ZFS_RELEASE": "1",
  "ZEVENT_HISTORY_TXG": "6561163",
  "ZEVENT_TIME_SECS": "1738243800",
  "IFS": " \t\n",
  "ZEVENT_HISTORY_HOSTNAME": "eva",
  "ZED_ZEDLET_DIR": "/etc/zfs/zed.d",
  "ZEVENT_SUBCLASS": "history_event",
  "PATH": "/nix/store/6ayll03blb7pj4qbjqwmabx7plr8z8d2-zfs-user-2.2.7/bin:/nix/store/b1wvkjx96i3s7wblz38ya0zr8i93zbc5-coreutils-9.5/bin:/nix/store/r686j19q8zcnccpg5h9xlf7bvvs27b8s-curl-8.11.0-bin/bin:/nix/store/nnin69nrnrrmnv2scbwyfkgh1rf51gh1-gawk-5.3.1/bin:/nix/store/85amyk92rg19l4fy0qmy7wr4jmq8p5z0-gnugrep-3.11/bin:/nix/store/vmby25zqxnx94awvj0k7zn0rsd0zyrwg-gnused-4.9/bin:/nix/store/j3mb8cfv3k995ll5kj3hv90jlcrlzlaw-net-tools-2.10/bin:/nix/store/ndqpb82si5a7znlb4wa84sjncl4mvgqm-util-linux-2.39.4-bin/bin",
  "ZEVENT_POOL": "big",
  "ZEVENT_EID": "9540",
  "ZED_PID": "2636",
  "ZEVENT_POOL_STATE_STR": "ACTIVE",
  "ZEVENT_HISTORY_DSNAME": "big/files@zfs-auto-snap_frequent-2025-01-30-13h30U",
  "_": "/nix/store/ikll2ssnl4w7dcmksf1vn6ga8h2h32mi-python3-3.12.7-env/bin/python",
  "PYTHONNOUSERSITE": "true",
  "LC_CTYPE": "C.UTF-8"
}
2025-01-30 14:30:00,511 - zmirror - INFO - writing cache
2025-01-30 14:30:00,512 - zmirror - INFO - cache written.
2025-01-30 14:30:00,681 - zmirror - INFO - handling client connection
2025-01-30 14:30:00,681 - zmirror - INFO - handling event
2025-01-30 14:30:00,682 - zmirror - INFO - {
  "ZEVENT_CLASS": "sysevent.fs.zfs.history_event",
  "ZEVENT_POOL_GUID": "0xD842CE6598FB0398",
  "ZEVENT_HISTORY_DSID": "30899",
  "ZED": "/nix/store/6ayll03blb7pj4qbjqwmabx7plr8z8d2-zfs-user-2.2.7/sbin/zed",
  "ZEVENT_TIME_NSECS": "590967208",
  "ZEVENT_VERSION": "0",
  "ZEVENT_POOL_STATE": "0",
  "PWD": "/",
  "ZEVENT_HISTORY_TIME": "1738243800",
  "ZDB": "/nix/store/6ayll03blb7pj4qbjqwmabx7plr8z8d2-zfs-user-2.2.7/sbin/zdb",
  "ZEVENT_POOL_CONTEXT": "0",
  "ZPOOL": "/nix/store/6ayll03blb7pj4qbjqwmabx7plr8z8d2-zfs-user-2.2.7/sbin/zpool",
  "ZEVENT_HISTORY_INTERNAL_STR": " ",
  "ZEVENT_TIME_STRING": "2025-01-30 14:30:00+0100",
  "ZEVENT_HISTORY_INTERNAL_NAME": "snapshot",
  "ZINJECT": "/nix/store/6ayll03blb7pj4qbjqwmabx7plr8z8d2-zfs-user-2.2.7/sbin/zinject",
  "ZFS_VERSION": "2.2.7",
  "ZEVENT_TIME": "1738243800 590967208",
  "ZFS_ALIAS": "zfs-2.2.7-1",
  "SHLVL": "1",
  "ZFS": "/nix/store/6ayll03blb7pj4qbjqwmabx7plr8z8d2-zfs-user-2.2.7/sbin/zfs",
  "ZFS_RELEASE": "1",
  "ZEVENT_HISTORY_TXG": "6496613",
  "ZEVENT_TIME_SECS": "1738243800",
  "IFS": " \t\n",
  "ZEVENT_HISTORY_HOSTNAME": "eva",
  "ZED_ZEDLET_DIR": "/etc/zfs/zed.d",
  "ZEVENT_SUBCLASS": "history_event",
  "PATH": "/nix/store/6ayll03blb7pj4qbjqwmabx7plr8z8d2-zfs-user-2.2.7/bin:/nix/store/b1wvkjx96i3s7wblz38ya0zr8i93zbc5-coreutils-9.5/bin:/nix/store/r686j19q8zcnccpg5h9xlf7bvvs27b8s-curl-8.11.0-bin/bin:/nix/store/nnin69nrnrrmnv2scbwyfkgh1rf51gh1-gawk-5.3.1/bin:/nix/store/85amyk92rg19l4fy0qmy7wr4jmq8p5z0-gnugrep-3.11/bin:/nix/store/vmby25zqxnx94awvj0k7zn0rsd0zyrwg-gnused-4.9/bin:/nix/store/j3mb8cfv3k995ll5kj3hv90jlcrlzlaw-net-tools-2.10/bin:/nix/store/ndqpb82si5a7znlb4wa84sjncl4mvgqm-util-linux-2.39.4-bin/bin",
  "ZEVENT_POOL": "eva",
  "ZEVENT_EID": "9541",
  "ZED_PID": "2636",
  "ZEVENT_POOL_STATE_STR": "ACTIVE",
  "ZEVENT_HISTORY_DSNAME": "eva/data@zfs-auto-snap_frequent-2025-01-30-13h30U",
  "_": "/nix/store/ikll2ssnl4w7dcmksf1vn6ga8h2h32mi-python3-3.12.7-env/bin/python",
  "PYTHONNOUSERSITE": "true",
  "LC_CTYPE": "C.UTF-8"
}
2025-01-30 14:30:00,682 - zmirror - INFO - writing cache
2025-01-30 14:30:00,683 - zmirror - INFO - cache written.
2025-01-30 14:30:00,696 - zmirror - INFO - handling client connection
2025-01-30 14:30:00,696 - zmirror - INFO - handling event
2025-01-30 14:30:00,697 - zmirror - INFO - {
  "ZEVENT_CLASS": "sysevent.fs.zfs.history_event",
  "ZEVENT_POOL_GUID": "0xD842CE6598FB0398",
  "ZEVENT_HISTORY_DSID": "30901",
  "ZED": "/nix/store/6ayll03blb7pj4qbjqwmabx7plr8z8d2-zfs-user-2.2.7/sbin/zed",
  "ZEVENT_TIME_NSECS": "590967208",
  "ZEVENT_VERSION": "0",
  "ZEVENT_POOL_STATE": "0",
  "PWD": "/",
  "ZEVENT_HISTORY_TIME": "1738243800",
  "ZDB": "/nix/store/6ayll03blb7pj4qbjqwmabx7plr8z8d2-zfs-user-2.2.7/sbin/zdb",
  "ZEVENT_POOL_CONTEXT": "0",
  "ZPOOL": "/nix/store/6ayll03blb7pj4qbjqwmabx7plr8z8d2-zfs-user-2.2.7/sbin/zpool",
  "ZEVENT_HISTORY_INTERNAL_STR": " ",
  "ZEVENT_TIME_STRING": "2025-01-30 14:30:00+0100",
  "ZEVENT_HISTORY_INTERNAL_NAME": "snapshot",
  "ZINJECT": "/nix/store/6ayll03blb7pj4qbjqwmabx7plr8z8d2-zfs-user-2.2.7/sbin/zinject",
  "ZFS_VERSION": "2.2.7",
  "ZEVENT_TIME": "1738243800 590967208",
  "ZFS_ALIAS": "zfs-2.2.7-1",
  "SHLVL": "1",
  "ZFS": "/nix/store/6ayll03blb7pj4qbjqwmabx7plr8z8d2-zfs-user-2.2.7/sbin/zfs",
  "ZFS_RELEASE": "1",
  "ZEVENT_HISTORY_TXG": "6496613",
  "ZEVENT_TIME_SECS": "1738243800",
  "IFS": " \t\n",
  "ZEVENT_HISTORY_HOSTNAME": "eva",
  "ZED_ZEDLET_DIR": "/etc/zfs/zed.d",
  "ZEVENT_SUBCLASS": "history_event",
  "PATH": "/nix/store/6ayll03blb7pj4qbjqwmabx7plr8z8d2-zfs-user-2.2.7/bin:/nix/store/b1wvkjx96i3s7wblz38ya0zr8i93zbc5-coreutils-9.5/bin:/nix/store/r686j19q8zcnccpg5h9xlf7bvvs27b8s-curl-8.11.0-bin/bin:/nix/store/nnin69nrnrrmnv2scbwyfkgh1rf51gh1-gawk-5.3.1/bin:/nix/store/85amyk92rg19l4fy0qmy7wr4jmq8p5z0-gnugrep-3.11/bin:/nix/store/vmby25zqxnx94awvj0k7zn0rsd0zyrwg-gnused-4.9/bin:/nix/store/j3mb8cfv3k995ll5kj3hv90jlcrlzlaw-net-tools-2.10/bin:/nix/store/ndqpb82si5a7znlb4wa84sjncl4mvgqm-util-linux-2.39.4-bin/bin",
  "ZEVENT_POOL": "eva",
  "ZEVENT_EID": "9542",
  "ZED_PID": "2636",
  "ZEVENT_POOL_STATE_STR": "ACTIVE",
  "ZEVENT_HISTORY_DSNAME": "eva/data/zion@zfs-auto-snap_frequent-2025-01-30-13h30U",
  "_": "/nix/store/ikll2ssnl4w7dcmksf1vn6ga8h2h32mi-python3-3.12.7-env/bin/python",
  "PYTHONNOUSERSITE": "true",
  "LC_CTYPE": "C.UTF-8"
}
2025-01-30 14:30:00,697 - zmirror - INFO - writing cache
2025-01-30 14:30:00,698 - zmirror - INFO - cache written.
2025-01-30 14:30:00,702 - zmirror - INFO - handling client connection
2025-01-30 14:30:00,705 - zmirror - INFO - handling client connection
2025-01-30 14:30:00,706 - zmirror - INFO - handling event
2025-01-30 14:30:00,707 - zmirror - INFO - {
  "ZEVENT_CLASS": "sysevent.fs.zfs.history_event",
  "ZEVENT_POOL_GUID": "0xD842CE6598FB0398",
  "ZEVENT_HISTORY_DSID": "30903",
  "ZED": "/nix/store/6ayll03blb7pj4qbjqwmabx7plr8z8d2-zfs-user-2.2.7/sbin/zed",
  "ZEVENT_TIME_NSECS": "591967219",
  "ZEVENT_VERSION": "0",
  "ZEVENT_POOL_STATE": "0",
  "PWD": "/",
  "ZEVENT_HISTORY_TIME": "1738243800",
  "ZDB": "/nix/store/6ayll03blb7pj4qbjqwmabx7plr8z8d2-zfs-user-2.2.7/sbin/zdb",
  "ZEVENT_POOL_CONTEXT": "0",
  "ZPOOL": "/nix/store/6ayll03blb7pj4qbjqwmabx7plr8z8d2-zfs-user-2.2.7/sbin/zpool",
  "ZEVENT_HISTORY_INTERNAL_STR": " ",
  "ZEVENT_TIME_STRING": "2025-01-30 14:30:00+0100",
  "ZEVENT_HISTORY_INTERNAL_NAME": "snapshot",
  "ZINJECT": "/nix/store/6ayll03blb7pj4qbjqwmabx7plr8z8d2-zfs-user-2.2.7/sbin/zinject",
  "ZFS_VERSION": "2.2.7",
  "ZEVENT_TIME": "1738243800 591967219",
  "ZFS_ALIAS": "zfs-2.2.7-1",
  "SHLVL": "1",
  "ZFS": "/nix/store/6ayll03blb7pj4qbjqwmabx7plr8z8d2-zfs-user-2.2.7/sbin/zfs",
  "ZFS_RELEASE": "1",
  "ZEVENT_HISTORY_TXG": "6496613",
  "ZEVENT_TIME_SECS": "1738243800",
  "IFS": " \t\n",
  "ZEVENT_HISTORY_HOSTNAME": "eva",
  "ZED_ZEDLET_DIR": "/etc/zfs/zed.d",
  "ZEVENT_SUBCLASS": "history_event",
  "PATH": "/nix/store/6ayll03blb7pj4qbjqwmabx7plr8z8d2-zfs-user-2.2.7/bin:/nix/store/b1wvkjx96i3s7wblz38ya0zr8i93zbc5-coreutils-9.5/bin:/nix/store/r686j19q8zcnccpg5h9xlf7bvvs27b8s-curl-8.11.0-bin/bin:/nix/store/nnin69nrnrrmnv2scbwyfkgh1rf51gh1-gawk-5.3.1/bin:/nix/store/85amyk92rg19l4fy0qmy7wr4jmq8p5z0-gnugrep-3.11/bin:/nix/store/vmby25zqxnx94awvj0k7zn0rsd0zyrwg-gnused-4.9/bin:/nix/store/j3mb8cfv3k995ll5kj3hv90jlcrlzlaw-net-tools-2.10/bin:/nix/store/ndqpb82si5a7znlb4wa84sjncl4mvgqm-util-linux-2.39.4-bin/bin",
  "ZEVENT_POOL": "eva",
  "ZEVENT_EID": "9543",
  "ZED_PID": "2636",
  "ZEVENT_POOL_STATE_STR": "ACTIVE",
  "ZEVENT_HISTORY_DSNAME": "eva/vms/vm-eden-data@zfs-auto-snap_frequent-2025-01-30-13h30U",
  "_": "/nix/store/ikll2ssnl4w7dcmksf1vn6ga8h2h32mi-python3-3.12.7-env/bin/python",
  "PYTHONNOUSERSITE": "true",
  "LC_CTYPE": "C.UTF-8"
}
2025-01-30 14:30:00,708 - zmirror - INFO - writing cache
2025-01-30 14:30:00,708 - zmirror - INFO - cache written.
2025-01-30 14:30:00,710 - zmirror - INFO - handling event
2025-01-30 14:30:00,710 - zmirror - INFO - {
  "ZEVENT_CLASS": "sysevent.fs.zfs.history_event",
  "ZEVENT_POOL_GUID": "0xD842CE6598FB0398",
  "ZEVENT_HISTORY_DSID": "30905",
  "ZED": "/nix/store/6ayll03blb7pj4qbjqwmabx7plr8z8d2-zfs-user-2.2.7/sbin/zed",
  "ZEVENT_TIME_NSECS": "591967219",
  "ZEVENT_VERSION": "0",
  "ZEVENT_POOL_STATE": "0",
  "PWD": "/",
  "ZEVENT_HISTORY_TIME": "1738243800",
  "ZDB": "/nix/store/6ayll03blb7pj4qbjqwmabx7plr8z8d2-zfs-user-2.2.7/sbin/zdb",
  "ZEVENT_POOL_CONTEXT": "0",
  "ZPOOL": "/nix/store/6ayll03blb7pj4qbjqwmabx7plr8z8d2-zfs-user-2.2.7/sbin/zpool",
  "ZEVENT_HISTORY_INTERNAL_STR": " ",
  "ZEVENT_TIME_STRING": "2025-01-30 14:30:00+0100",
  "ZEVENT_HISTORY_INTERNAL_NAME": "snapshot",
  "ZINJECT": "/nix/store/6ayll03blb7pj4qbjqwmabx7plr8z8d2-zfs-user-2.2.7/sbin/zinject",
  "ZFS_VERSION": "2.2.7",
  "ZEVENT_TIME": "1738243800 591967219",
  "ZFS_ALIAS": "zfs-2.2.7-1",
  "SHLVL": "1",
  "ZFS": "/nix/store/6ayll03blb7pj4qbjqwmabx7plr8z8d2-zfs-user-2.2.7/sbin/zfs",
  "ZFS_RELEASE": "1",
  "ZEVENT_HISTORY_TXG": "6496613",
  "ZEVENT_TIME_SECS": "1738243800",
  "IFS": " \t\n",
  "ZEVENT_HISTORY_HOSTNAME": "eva",
  "ZED_ZEDLET_DIR": "/etc/zfs/zed.d",
  "ZEVENT_SUBCLASS": "history_event",
  "PATH": "/nix/store/6ayll03blb7pj4qbjqwmabx7plr8z8d2-zfs-user-2.2.7/bin:/nix/store/b1wvkjx96i3s7wblz38ya0zr8i93zbc5-coreutils-9.5/bin:/nix/store/r686j19q8zcnccpg5h9xlf7bvvs27b8s-curl-8.11.0-bin/bin:/nix/store/nnin69nrnrrmnv2scbwyfkgh1rf51gh1-gawk-5.3.1/bin:/nix/store/85amyk92rg19l4fy0qmy7wr4jmq8p5z0-gnugrep-3.11/bin:/nix/store/vmby25zqxnx94awvj0k7zn0rsd0zyrwg-gnused-4.9/bin:/nix/store/j3mb8cfv3k995ll5kj3hv90jlcrlzlaw-net-tools-2.10/bin:/nix/store/ndqpb82si5a7znlb4wa84sjncl4mvgqm-util-linux-2.39.4-bin/bin",
  "ZEVENT_POOL": "eva",
  "ZEVENT_EID": "9544",
  "ZED_PID": "2636",
  "ZEVENT_POOL_STATE_STR": "ACTIVE",
  "ZEVENT_HISTORY_DSNAME": "eva/vms/vm-etzchaim-data@zfs-auto-snap_frequent-2025-01-30-13h30U",
  "_": "/nix/store/ikll2ssnl4w7dcmksf1vn6ga8h2h32mi-python3-3.12.7-env/bin/python",
  "PYTHONNOUSERSITE": "true",
  "LC_CTYPE": "C.UTF-8"
}
2025-01-30 14:30:00,711 - zmirror - INFO - writing cache
2025-01-30 14:30:00,712 - zmirror - INFO - cache written.
2025-01-30 14:30:01,058 - zmirror - INFO - handling client connection
2025-01-30 14:30:01,061 - zmirror - INFO - handling event
2025-01-30 14:30:01,062 - zmirror - INFO - {
  "ZEVENT_CLASS": "sysevent.fs.zfs.history_event",
  "ZEVENT_POOL_GUID": "0x8D2B8D399AF9421C",
  "ZEVENT_HISTORY_DSID": "27848",
  "ZED": "/nix/store/6ayll03blb7pj4qbjqwmabx7plr8z8d2-zfs-user-2.2.7/sbin/zed",
  "ZEVENT_TIME_NSECS": "968971444",
  "ZEVENT_VERSION": "0",
  "ZEVENT_POOL_STATE": "0",
  "PWD": "/",
  "ZEVENT_HISTORY_TIME": "1738243800",
  "ZDB": "/nix/store/6ayll03blb7pj4qbjqwmabx7plr8z8d2-zfs-user-2.2.7/sbin/zdb",
  "ZEVENT_POOL_CONTEXT": "0",
  "ZPOOL": "/nix/store/6ayll03blb7pj4qbjqwmabx7plr8z8d2-zfs-user-2.2.7/sbin/zpool",
  "ZEVENT_HISTORY_INTERNAL_STR": " ",
  "ZEVENT_TIME_STRING": "2025-01-30 14:30:00+0100",
  "ZEVENT_HISTORY_INTERNAL_NAME": "destroy",
  "ZINJECT": "/nix/store/6ayll03blb7pj4qbjqwmabx7plr8z8d2-zfs-user-2.2.7/sbin/zinject",
  "ZFS_VERSION": "2.2.7",
  "ZEVENT_TIME": "1738243800 968971444",
  "ZFS_ALIAS": "zfs-2.2.7-1",
  "SHLVL": "1",
  "ZFS": "/nix/store/6ayll03blb7pj4qbjqwmabx7plr8z8d2-zfs-user-2.2.7/sbin/zfs",
  "ZFS_RELEASE": "1",
  "ZEVENT_HISTORY_TXG": "6561164",
  "ZEVENT_TIME_SECS": "1738243800",
  "IFS": " \t\n",
  "ZEVENT_HISTORY_HOSTNAME": "eva",
  "ZED_ZEDLET_DIR": "/etc/zfs/zed.d",
  "ZEVENT_SUBCLASS": "history_event",
  "PATH": "/nix/store/6ayll03blb7pj4qbjqwmabx7plr8z8d2-zfs-user-2.2.7/bin:/nix/store/b1wvkjx96i3s7wblz38ya0zr8i93zbc5-coreutils-9.5/bin:/nix/store/r686j19q8zcnccpg5h9xlf7bvvs27b8s-curl-8.11.0-bin/bin:/nix/store/nnin69nrnrrmnv2scbwyfkgh1rf51gh1-gawk-5.3.1/bin:/nix/store/85amyk92rg19l4fy0qmy7wr4jmq8p5z0-gnugrep-3.11/bin:/nix/store/vmby25zqxnx94awvj0k7zn0rsd0zyrwg-gnused-4.9/bin:/nix/store/j3mb8cfv3k995ll5kj3hv90jlcrlzlaw-net-tools-2.10/bin:/nix/store/ndqpb82si5a7znlb4wa84sjncl4mvgqm-util-linux-2.39.4-bin/bin",
  "ZEVENT_POOL": "big",
  "ZEVENT_EID": "9545",
  "ZED_PID": "2636",
  "ZEVENT_POOL_STATE_STR": "ACTIVE",
  "ZEVENT_HISTORY_DSNAME": "big/files@zfs-auto-snap_frequent-2025-01-30-12h30U",
  "_": "/nix/store/ikll2ssnl4w7dcmksf1vn6ga8h2h32mi-python3-3.12.7-env/bin/python",
  "PYTHONNOUSERSITE": "true",
  "LC_CTYPE": "C.UTF-8"
}
2025-01-30 14:30:01,067 - zmirror - INFO - writing cache
2025-01-30 14:30:01,069 - zmirror - INFO - cache written.
2025-01-30 14:30:01,078 - zmirror - INFO - handling client connection
2025-01-30 14:30:01,079 - zmirror - INFO - handling event
2025-01-30 14:30:01,079 - zmirror - INFO - {
  "ZEVENT_CLASS": "sysevent.fs.zfs.history_event",
  "ZEVENT_POOL_GUID": "0xD842CE6598FB0398",
  "ZEVENT_HISTORY_DSID": "29264",
  "ZED": "/nix/store/6ayll03blb7pj4qbjqwmabx7plr8z8d2-zfs-user-2.2.7/sbin/zed",
  "ZEVENT_TIME_NSECS": "972971488",
  "ZEVENT_VERSION": "0",
  "ZEVENT_POOL_STATE": "0",
  "PWD": "/",
  "ZEVENT_HISTORY_TIME": "1738243800",
  "ZDB": "/nix/store/6ayll03blb7pj4qbjqwmabx7plr8z8d2-zfs-user-2.2.7/sbin/zdb",
  "ZEVENT_POOL_CONTEXT": "0",
  "ZPOOL": "/nix/store/6ayll03blb7pj4qbjqwmabx7plr8z8d2-zfs-user-2.2.7/sbin/zpool",
  "ZEVENT_HISTORY_INTERNAL_STR": " ",
  "ZEVENT_TIME_STRING": "2025-01-30 14:30:00+0100",
  "ZEVENT_HISTORY_INTERNAL_NAME": "destroy",
  "ZINJECT": "/nix/store/6ayll03blb7pj4qbjqwmabx7plr8z8d2-zfs-user-2.2.7/sbin/zinject",
  "ZFS_VERSION": "2.2.7",
  "ZEVENT_TIME": "1738243800 972971488",
  "ZFS_ALIAS": "zfs-2.2.7-1",
  "SHLVL": "1",
  "ZFS": "/nix/store/6ayll03blb7pj4qbjqwmabx7plr8z8d2-zfs-user-2.2.7/sbin/zfs",
  "ZFS_RELEASE": "1",
  "ZEVENT_HISTORY_TXG": "6496614",
  "ZEVENT_TIME_SECS": "1738243800",
  "IFS": " \t\n",
  "ZEVENT_HISTORY_HOSTNAME": "eva",
  "ZED_ZEDLET_DIR": "/etc/zfs/zed.d",
  "ZEVENT_SUBCLASS": "history_event",
  "PATH": "/nix/store/6ayll03blb7pj4qbjqwmabx7plr8z8d2-zfs-user-2.2.7/bin:/nix/store/b1wvkjx96i3s7wblz38ya0zr8i93zbc5-coreutils-9.5/bin:/nix/store/r686j19q8zcnccpg5h9xlf7bvvs27b8s-curl-8.11.0-bin/bin:/nix/store/nnin69nrnrrmnv2scbwyfkgh1rf51gh1-gawk-5.3.1/bin:/nix/store/85amyk92rg19l4fy0qmy7wr4jmq8p5z0-gnugrep-3.11/bin:/nix/store/vmby25zqxnx94awvj0k7zn0rsd0zyrwg-gnused-4.9/bin:/nix/store/j3mb8cfv3k995ll5kj3hv90jlcrlzlaw-net-tools-2.10/bin:/nix/store/ndqpb82si5a7znlb4wa84sjncl4mvgqm-util-linux-2.39.4-bin/bin",
  "ZEVENT_POOL": "eva",
  "ZEVENT_EID": "9546",
  "ZED_PID": "2636",
  "ZEVENT_POOL_STATE_STR": "ACTIVE",
  "ZEVENT_HISTORY_DSNAME": "eva/vms/vm-etzchaim-data@zfs-auto-snap_frequent-2025-01-30-12h30U",
  "_": "/nix/store/ikll2ssnl4w7dcmksf1vn6ga8h2h32mi-python3-3.12.7-env/bin/python",
  "PYTHONNOUSERSITE": "true",
  "LC_CTYPE": "C.UTF-8"
}
2025-01-30 14:30:01,079 - zmirror - INFO - writing cache
2025-01-30 14:30:01,080 - zmirror - INFO - cache written.
2025-01-30 14:30:01,097 - zmirror - INFO - handling client connection
2025-01-30 14:30:01,098 - zmirror - INFO - handling event
2025-01-30 14:30:01,098 - zmirror - INFO - {
  "ZEVENT_CLASS": "sysevent.fs.zfs.history_event",
  "ZEVENT_POOL_GUID": "0xD842CE6598FB0398",
  "ZEVENT_HISTORY_DSID": "29262",
  "ZED": "/nix/store/6ayll03blb7pj4qbjqwmabx7plr8z8d2-zfs-user-2.2.7/sbin/zed",
  "ZEVENT_TIME_NSECS": "2971825",
  "ZEVENT_VERSION": "0",
  "ZEVENT_POOL_STATE": "0",
  "PWD": "/",
  "ZEVENT_HISTORY_TIME": "1738243801",
  "ZDB": "/nix/store/6ayll03blb7pj4qbjqwmabx7plr8z8d2-zfs-user-2.2.7/sbin/zdb",
  "ZEVENT_POOL_CONTEXT": "0",
  "ZPOOL": "/nix/store/6ayll03blb7pj4qbjqwmabx7plr8z8d2-zfs-user-2.2.7/sbin/zpool",
  "ZEVENT_HISTORY_INTERNAL_STR": " ",
  "ZEVENT_TIME_STRING": "2025-01-30 14:30:01+0100",
  "ZEVENT_HISTORY_INTERNAL_NAME": "destroy",
  "ZINJECT": "/nix/store/6ayll03blb7pj4qbjqwmabx7plr8z8d2-zfs-user-2.2.7/sbin/zinject",
  "ZFS_VERSION": "2.2.7",
  "ZEVENT_TIME": "1738243801 2971825",
  "ZFS_ALIAS": "zfs-2.2.7-1",
  "SHLVL": "1",
  "ZFS": "/nix/store/6ayll03blb7pj4qbjqwmabx7plr8z8d2-zfs-user-2.2.7/sbin/zfs",
  "ZFS_RELEASE": "1",
  "ZEVENT_HISTORY_TXG": "6496615",
  "ZEVENT_TIME_SECS": "1738243801",
  "IFS": " \t\n",
  "ZEVENT_HISTORY_HOSTNAME": "eva",
  "ZED_ZEDLET_DIR": "/etc/zfs/zed.d",
  "ZEVENT_SUBCLASS": "history_event",
  "PATH": "/nix/store/6ayll03blb7pj4qbjqwmabx7plr8z8d2-zfs-user-2.2.7/bin:/nix/store/b1wvkjx96i3s7wblz38ya0zr8i93zbc5-coreutils-9.5/bin:/nix/store/r686j19q8zcnccpg5h9xlf7bvvs27b8s-curl-8.11.0-bin/bin:/nix/store/nnin69nrnrrmnv2scbwyfkgh1rf51gh1-gawk-5.3.1/bin:/nix/store/85amyk92rg19l4fy0qmy7wr4jmq8p5z0-gnugrep-3.11/bin:/nix/store/vmby25zqxnx94awvj0k7zn0rsd0zyrwg-gnused-4.9/bin:/nix/store/j3mb8cfv3k995ll5kj3hv90jlcrlzlaw-net-tools-2.10/bin:/nix/store/ndqpb82si5a7znlb4wa84sjncl4mvgqm-util-linux-2.39.4-bin/bin",
  "ZEVENT_POOL": "eva",
  "ZEVENT_EID": "9547",
  "ZED_PID": "2636",
  "ZEVENT_POOL_STATE_STR": "ACTIVE",
  "ZEVENT_HISTORY_DSNAME": "eva/vms/vm-eden-data@zfs-auto-snap_frequent-2025-01-30-12h30U",
  "_": "/nix/store/ikll2ssnl4w7dcmksf1vn6ga8h2h32mi-python3-3.12.7-env/bin/python",
  "PYTHONNOUSERSITE": "true",
  "LC_CTYPE": "C.UTF-8"
}
2025-01-30 14:30:01,099 - zmirror - INFO - writing cache
2025-01-30 14:30:01,099 - zmirror - INFO - cache written.
2025-01-30 14:30:01,108 - zmirror - INFO - handling client connection
2025-01-30 14:30:01,108 - zmirror - INFO - handling event
2025-01-30 14:30:01,109 - zmirror - INFO - {
  "ZEVENT_CLASS": "sysevent.fs.zfs.history_event",
  "ZEVENT_POOL_GUID": "0xD842CE6598FB0398",
  "ZEVENT_HISTORY_DSID": "29258",
  "ZED": "/nix/store/6ayll03blb7pj4qbjqwmabx7plr8z8d2-zfs-user-2.2.7/sbin/zed",
  "ZEVENT_TIME_NSECS": "4971847",
  "ZEVENT_VERSION": "0",
  "ZEVENT_POOL_STATE": "0",
  "PWD": "/",
  "ZEVENT_HISTORY_TIME": "1738243801",
  "ZDB": "/nix/store/6ayll03blb7pj4qbjqwmabx7plr8z8d2-zfs-user-2.2.7/sbin/zdb",
  "ZEVENT_POOL_CONTEXT": "0",
  "ZPOOL": "/nix/store/6ayll03blb7pj4qbjqwmabx7plr8z8d2-zfs-user-2.2.7/sbin/zpool",
  "ZEVENT_HISTORY_INTERNAL_STR": " ",
  "ZEVENT_TIME_STRING": "2025-01-30 14:30:01+0100",
  "ZEVENT_HISTORY_INTERNAL_NAME": "destroy",
  "ZINJECT": "/nix/store/6ayll03blb7pj4qbjqwmabx7plr8z8d2-zfs-user-2.2.7/sbin/zinject",
  "ZFS_VERSION": "2.2.7",
  "ZEVENT_TIME": "1738243801 4971847",
  "ZFS_ALIAS": "zfs-2.2.7-1",
  "SHLVL": "1",
  "ZFS": "/nix/store/6ayll03blb7pj4qbjqwmabx7plr8z8d2-zfs-user-2.2.7/sbin/zfs",
  "ZFS_RELEASE": "1",
  "ZEVENT_HISTORY_TXG": "6496615",
  "ZEVENT_TIME_SECS": "1738243801",
  "IFS": " \t\n",
  "ZEVENT_HISTORY_HOSTNAME": "eva",
  "ZED_ZEDLET_DIR": "/etc/zfs/zed.d",
  "ZEVENT_SUBCLASS": "history_event",
  "PATH": "/nix/store/6ayll03blb7pj4qbjqwmabx7plr8z8d2-zfs-user-2.2.7/bin:/nix/store/b1wvkjx96i3s7wblz38ya0zr8i93zbc5-coreutils-9.5/bin:/nix/store/r686j19q8zcnccpg5h9xlf7bvvs27b8s-curl-8.11.0-bin/bin:/nix/store/nnin69nrnrrmnv2scbwyfkgh1rf51gh1-gawk-5.3.1/bin:/nix/store/85amyk92rg19l4fy0qmy7wr4jmq8p5z0-gnugrep-3.11/bin:/nix/store/vmby25zqxnx94awvj0k7zn0rsd0zyrwg-gnused-4.9/bin:/nix/store/j3mb8cfv3k995ll5kj3hv90jlcrlzlaw-net-tools-2.10/bin:/nix/store/ndqpb82si5a7znlb4wa84sjncl4mvgqm-util-linux-2.39.4-bin/bin",
  "ZEVENT_POOL": "eva",
  "ZEVENT_EID": "9548",
  "ZED_PID": "2636",
  "ZEVENT_POOL_STATE_STR": "ACTIVE",
  "ZEVENT_HISTORY_DSNAME": "eva/data@zfs-auto-snap_frequent-2025-01-30-12h30U",
  "_": "/nix/store/ikll2ssnl4w7dcmksf1vn6ga8h2h32mi-python3-3.12.7-env/bin/python",
  "PYTHONNOUSERSITE": "true",
  "LC_CTYPE": "C.UTF-8"
}
2025-01-30 14:30:01,109 - zmirror - INFO - writing cache
2025-01-30 14:30:01,109 - zmirror - INFO - cache written.
2025-01-30 14:30:01,111 - zmirror - INFO - handling client connection
2025-01-30 14:30:01,112 - zmirror - INFO - handling event
2025-01-30 14:30:01,113 - zmirror - INFO - {
  "ZEVENT_CLASS": "sysevent.fs.zfs.history_event",
  "ZEVENT_POOL_GUID": "0xD842CE6598FB0398",
  "ZEVENT_HISTORY_DSID": "29260",
  "ZED": "/nix/store/6ayll03blb7pj4qbjqwmabx7plr8z8d2-zfs-user-2.2.7/sbin/zed",
  "ZEVENT_TIME_NSECS": "6971869",
  "ZEVENT_VERSION": "0",
  "ZEVENT_POOL_STATE": "0",
  "PWD": "/",
  "ZEVENT_HISTORY_TIME": "1738243801",
  "ZDB": "/nix/store/6ayll03blb7pj4qbjqwmabx7plr8z8d2-zfs-user-2.2.7/sbin/zdb",
  "ZEVENT_POOL_CONTEXT": "0",
  "ZPOOL": "/nix/store/6ayll03blb7pj4qbjqwmabx7plr8z8d2-zfs-user-2.2.7/sbin/zpool",
  "ZEVENT_HISTORY_INTERNAL_STR": " ",
  "ZEVENT_TIME_STRING": "2025-01-30 14:30:01+0100",
  "ZEVENT_HISTORY_INTERNAL_NAME": "destroy",
  "ZINJECT": "/nix/store/6ayll03blb7pj4qbjqwmabx7plr8z8d2-zfs-user-2.2.7/sbin/zinject",
  "ZFS_VERSION": "2.2.7",
  "ZEVENT_TIME": "1738243801 6971869",
  "ZFS_ALIAS": "zfs-2.2.7-1",
  "SHLVL": "1",
  "ZFS": "/nix/store/6ayll03blb7pj4qbjqwmabx7plr8z8d2-zfs-user-2.2.7/sbin/zfs",
  "ZFS_RELEASE": "1",
  "ZEVENT_HISTORY_TXG": "6496615",
  "ZEVENT_TIME_SECS": "1738243801",
  "IFS": " \t\n",
  "ZEVENT_HISTORY_HOSTNAME": "eva",
  "ZED_ZEDLET_DIR": "/etc/zfs/zed.d",
  "ZEVENT_SUBCLASS": "history_event",
  "PATH": "/nix/store/6ayll03blb7pj4qbjqwmabx7plr8z8d2-zfs-user-2.2.7/bin:/nix/store/b1wvkjx96i3s7wblz38ya0zr8i93zbc5-coreutils-9.5/bin:/nix/store/r686j19q8zcnccpg5h9xlf7bvvs27b8s-curl-8.11.0-bin/bin:/nix/store/nnin69nrnrrmnv2scbwyfkgh1rf51gh1-gawk-5.3.1/bin:/nix/store/85amyk92rg19l4fy0qmy7wr4jmq8p5z0-gnugrep-3.11/bin:/nix/store/vmby25zqxnx94awvj0k7zn0rsd0zyrwg-gnused-4.9/bin:/nix/store/j3mb8cfv3k995ll5kj3hv90jlcrlzlaw-net-tools-2.10/bin:/nix/store/ndqpb82si5a7znlb4wa84sjncl4mvgqm-util-linux-2.39.4-bin/bin",
  "ZEVENT_POOL": "eva",
  "ZEVENT_EID": "9549",
  "ZED_PID": "2636",
  "ZEVENT_POOL_STATE_STR": "ACTIVE",
  "ZEVENT_HISTORY_DSNAME": "eva/data/zion@zfs-auto-snap_frequent-2025-01-30-12h30U",
  "_": "/nix/store/ikll2ssnl4w7dcmksf1vn6ga8h2h32mi-python3-3.12.7-env/bin/python",
  "PYTHONNOUSERSITE": "true",
  "LC_CTYPE": "C.UTF-8"
}
2025-01-30 14:30:01,113 - zmirror - INFO - writing cache
2025-01-30 14:30:01,114 - zmirror - INFO - cache written.
2025-01-30 14:30:58,819 - zmirror - INFO - handling client connection
2025-01-30 14:30:58,820 - zmirror - INFO - handling event
2025-01-30 14:30:58,820 - zmirror - INFO - {
  "UDEV_DATABASE_VERSION": "1",
  "ACTION": "remove",
  "DEVPATH": "/devices/virtual/block/dm-4",
  "SUBSYSTEM": "block",
  "DM_COOKIE": "6344817",
  "DEVNAME": "/dev/dm-4",
  "DEVTYPE": "disk",
  "DISKSEQ": "56",
  "SEQNUM": "6999",
  "MAJOR": "254",
  "MINOR": "4",
  "USEC_INITIALIZED": "674592658423",
  "PATH": "/nix/store/a658r4hq7scghskrlkph2jlhh2kq3l2j-udev-path/bin:/nix/store/a658r4hq7scghskrlkph2jlhh2kq3l2j-udev-path/sbin",
  "DM_UDEV_DISABLE_LIBRARY_FALLBACK_FLAG": "1",
  "DM_UDEV_PRIMARY_SOURCE_FLAG": "1",
  "DM_ACTIVATION": "1",
  "DM_NAME": "vg--test-lv--test",
  "DM_UUID": "LVM-4Cft1d3ZkiQb3Ijvd6m3YfyW9UUc1Y18hL1hykBBnbPwF7seExGBdZEvHQsdZ3Cf",
  "DM_UDEV_RULES_VSN": "3",
  "DM_VG_NAME": "vg-test",
  "DM_LV_NAME": "lv-test",
  "DEVLINKS": "/dev/disk/by-id/dm-uuid-LVM-4Cft1d3ZkiQb3Ijvd6m3YfyW9UUc1Y18hL1hykBBnbPwF7seExGBdZEvHQsdZ3Cf /dev/disk/by-id/dm-name-vg--test-lv--test /dev/mapper/vg--test-lv--test /dev/vg-test/lv-test /dev/disk/by-uuid",
  "TAGS": ":systemd:",
  "CURRENT_TAGS": ":systemd:",
  "PYTHONNOUSERSITE": "true",
  "LC_CTYPE": "C.UTF-8"
}
2025-01-30 14:30:58,820 - zmirror - INFO - writing cache
2025-01-30 14:30:58,821 - zmirror - INFO - cache written.
2025-01-30 14:30:58,896 - zmirror - INFO - handling client connection
2025-01-30 14:30:58,897 - zmirror - INFO - handling event
2025-01-30 14:30:58,897 - zmirror - INFO - {
  "UDEV_DATABASE_VERSION": "1",
  "ACTION": "remove",
  "DEVPATH": "/devices/virtual/block/dm-4",
  "SUBSYSTEM": "block",
  "DEVNAME": "/dev/dm-4",
  "DEVTYPE": "disk",
  "DISKSEQ": "56",
  "SEQNUM": "7001",
  "USEC_INITIALIZED": "675353674729",
  "MAJOR": "254",
  "MINOR": "4",
  "PATH": "/nix/store/a658r4hq7scghskrlkph2jlhh2kq3l2j-udev-path/bin:/nix/store/a658r4hq7scghskrlkph2jlhh2kq3l2j-udev-path/sbin",
  "PYTHONNOUSERSITE": "true",
  "LC_CTYPE": "C.UTF-8"
}
2025-01-30 14:30:58,897 - zmirror - INFO - writing cache
2025-01-30 14:30:58,898 - zmirror - INFO - cache written.
2025-01-30 14:37:27,941 - zmirror - INFO - handling client connection
2025-01-30 14:37:27,942 - zmirror - INFO - handling event
2025-01-30 14:37:27,943 - zmirror - INFO - {
  "ZEVENT_CLASS": "sysevent.fs.zfs.history_event",
  "ZEVENT_POOL_GUID": "0xD842CE6598FB0398",
  "ZEVENT_HISTORY_DSID": "127427",
  "ZED": "/nix/store/6ayll03blb7pj4qbjqwmabx7plr8z8d2-zfs-user-2.2.7/sbin/zed",
  "ZEVENT_TIME_NSECS": "861974910",
  "ZEVENT_VERSION": "0",
  "ZEVENT_POOL_STATE": "0",
  "PWD": "/",
  "ZEVENT_HISTORY_TIME": "1738244247",
  "ZDB": "/nix/store/6ayll03blb7pj4qbjqwmabx7plr8z8d2-zfs-user-2.2.7/sbin/zdb",
  "ZEVENT_POOL_CONTEXT": "0",
  "ZPOOL": "/nix/store/6ayll03blb7pj4qbjqwmabx7plr8z8d2-zfs-user-2.2.7/sbin/zpool",
  "ZEVENT_HISTORY_INTERNAL_STR": "volmode=3",
  "ZEVENT_TIME_STRING": "2025-01-30 14:37:27+0100",
  "ZEVENT_HISTORY_INTERNAL_NAME": "set",
  "ZINJECT": "/nix/store/6ayll03blb7pj4qbjqwmabx7plr8z8d2-zfs-user-2.2.7/sbin/zinject",
  "ZFS_VERSION": "2.2.7",
  "ZEVENT_TIME": "1738244247 861974910",
  "ZFS_ALIAS": "zfs-2.2.7-1",
  "SHLVL": "1",
  "ZFS": "/nix/store/6ayll03blb7pj4qbjqwmabx7plr8z8d2-zfs-user-2.2.7/sbin/zfs",
  "ZFS_RELEASE": "1",
  "ZEVENT_HISTORY_TXG": "6496703",
  "ZEVENT_TIME_SECS": "1738244247",
  "IFS": " \t\n",
  "ZEVENT_HISTORY_HOSTNAME": "eva",
  "ZED_ZEDLET_DIR": "/etc/zfs/zed.d",
  "ZEVENT_SUBCLASS": "history_event",
  "PATH": "/nix/store/6ayll03blb7pj4qbjqwmabx7plr8z8d2-zfs-user-2.2.7/bin:/nix/store/b1wvkjx96i3s7wblz38ya0zr8i93zbc5-coreutils-9.5/bin:/nix/store/r686j19q8zcnccpg5h9xlf7bvvs27b8s-curl-8.11.0-bin/bin:/nix/store/nnin69nrnrrmnv2scbwyfkgh1rf51gh1-gawk-5.3.1/bin:/nix/store/85amyk92rg19l4fy0qmy7wr4jmq8p5z0-gnugrep-3.11/bin:/nix/store/vmby25zqxnx94awvj0k7zn0rsd0zyrwg-gnused-4.9/bin:/nix/store/j3mb8cfv3k995ll5kj3hv90jlcrlzlaw-net-tools-2.10/bin:/nix/store/ndqpb82si5a7znlb4wa84sjncl4mvgqm-util-linux-2.39.4-bin/bin",
  "ZEVENT_POOL": "eva",
  "ZEVENT_EID": "9550",
  "ZED_PID": "2636",
  "ZEVENT_POOL_STATE_STR": "ACTIVE",
  "ZEVENT_HISTORY_DSNAME": "eva/test",
  "_": "/nix/store/ikll2ssnl4w7dcmksf1vn6ga8h2h32mi-python3-3.12.7-env/bin/python",
  "PYTHONNOUSERSITE": "true",
  "LC_CTYPE": "C.UTF-8"
}
2025-01-30 14:37:27,943 - zmirror - INFO - handling client connection
2025-01-30 14:37:27,943 - zmirror - INFO - writing cache
2025-01-30 14:37:27,945 - zmirror - INFO - cache written.
2025-01-30 14:37:27,946 - zmirror - INFO - handling event
2025-01-30 14:37:27,946 - zmirror - INFO - {
  "UDEV_DATABASE_VERSION": "1",
  "ACTION": "remove",
  "DEVPATH": "/devices/virtual/block/zd256",
  "SUBSYSTEM": "block",
  "DEVNAME": "/dev/zd256",
  "DEVTYPE": "disk",
  "DISKSEQ": "27",
  "SEQNUM": "7004",
  "MAJOR": "230",
  "MINOR": "256",
  "USEC_INITIALIZED": "46667535",
  "PATH": "/nix/store/a658r4hq7scghskrlkph2jlhh2kq3l2j-udev-path/bin:/nix/store/a658r4hq7scghskrlkph2jlhh2kq3l2j-udev-path/sbin",
  "ID_FS_UUID": "0fyBQa-FUgx-EHGn-vBGB-b2JT-Sgrx-wTtjT7",
  "ID_FS_UUID_ENC": "0fyBQa-FUgx-EHGn-vBGB-b2JT-Sgrx-wTtjT7",
  "ID_FS_VERSION": "LVM2 001",
  "ID_FS_TYPE": "LVM2_member",
  "ID_FS_USAGE": "raid",
  "DEVLINKS": "/dev/zvol/eva/test /dev/disk/by-diskseq/27 /dev/disk/by-uuid /dev/disk/by-id/lvm-pv-uuid-0fyBQa-FUgx-EHGn-vBGB-b2JT-Sgrx-wTtjT7",
  "TAGS": ":systemd:",
  "CURRENT_TAGS": ":systemd:",
  "PYTHONNOUSERSITE": "true",
  "LC_CTYPE": "C.UTF-8"
}
2025-01-30 14:37:27,947 - zmirror - INFO - writing cache
2025-01-30 14:37:27,947 - zmirror - INFO - cache written.
2025-01-30 14:45:00,587 - zmirror - INFO - handling client connection
2025-01-30 14:45:00,589 - zmirror - INFO - handling event
2025-01-30 14:45:00,589 - zmirror - INFO - {
  "ZEVENT_CLASS": "sysevent.fs.zfs.history_event",
  "ZEVENT_POOL_GUID": "0x8D2B8D399AF9421C",
  "ZEVENT_HISTORY_DSID": "28276",
  "ZED": "/nix/store/6ayll03blb7pj4qbjqwmabx7plr8z8d2-zfs-user-2.2.7/sbin/zed",
  "ZEVENT_TIME_NSECS": "497943314",
  "ZEVENT_VERSION": "0",
  "ZEVENT_POOL_STATE": "0",
  "PWD": "/",
  "ZEVENT_HISTORY_TIME": "1738244700",
  "ZDB": "/nix/store/6ayll03blb7pj4qbjqwmabx7plr8z8d2-zfs-user-2.2.7/sbin/zdb",
  "ZEVENT_POOL_CONTEXT": "0",
  "ZPOOL": "/nix/store/6ayll03blb7pj4qbjqwmabx7plr8z8d2-zfs-user-2.2.7/sbin/zpool",
  "ZEVENT_HISTORY_INTERNAL_STR": " ",
  "ZEVENT_TIME_STRING": "2025-01-30 14:45:00+0100",
  "ZEVENT_HISTORY_INTERNAL_NAME": "snapshot",
  "ZINJECT": "/nix/store/6ayll03blb7pj4qbjqwmabx7plr8z8d2-zfs-user-2.2.7/sbin/zinject",
  "ZFS_VERSION": "2.2.7",
  "ZEVENT_TIME": "1738244700 497943314",
  "ZFS_ALIAS": "zfs-2.2.7-1",
  "SHLVL": "1",
  "ZFS": "/nix/store/6ayll03blb7pj4qbjqwmabx7plr8z8d2-zfs-user-2.2.7/sbin/zfs",
  "ZFS_RELEASE": "1",
  "ZEVENT_HISTORY_TXG": "6561340",
  "ZEVENT_TIME_SECS": "1738244700",
  "IFS": " \t\n",
  "ZEVENT_HISTORY_HOSTNAME": "eva",
  "ZED_ZEDLET_DIR": "/etc/zfs/zed.d",
  "ZEVENT_SUBCLASS": "history_event",
  "PATH": "/nix/store/6ayll03blb7pj4qbjqwmabx7plr8z8d2-zfs-user-2.2.7/bin:/nix/store/b1wvkjx96i3s7wblz38ya0zr8i93zbc5-coreutils-9.5/bin:/nix/store/r686j19q8zcnccpg5h9xlf7bvvs27b8s-curl-8.11.0-bin/bin:/nix/store/nnin69nrnrrmnv2scbwyfkgh1rf51gh1-gawk-5.3.1/bin:/nix/store/85amyk92rg19l4fy0qmy7wr4jmq8p5z0-gnugrep-3.11/bin:/nix/store/vmby25zqxnx94awvj0k7zn0rsd0zyrwg-gnused-4.9/bin:/nix/store/j3mb8cfv3k995ll5kj3hv90jlcrlzlaw-net-tools-2.10/bin:/nix/store/ndqpb82si5a7znlb4wa84sjncl4mvgqm-util-linux-2.39.4-bin/bin",
  "ZEVENT_POOL": "big",
  "ZEVENT_EID": "9551",
  "ZED_PID": "2636",
  "ZEVENT_POOL_STATE_STR": "ACTIVE",
  "ZEVENT_HISTORY_DSNAME": "big/files@zfs-auto-snap_frequent-2025-01-30-13h45U",
  "_": "/nix/store/ikll2ssnl4w7dcmksf1vn6ga8h2h32mi-python3-3.12.7-env/bin/python",
  "PYTHONNOUSERSITE": "true",
  "LC_CTYPE": "C.UTF-8"
}
2025-01-30 14:45:00,589 - zmirror - INFO - writing cache
2025-01-30 14:45:00,590 - zmirror - INFO - cache written.
2025-01-30 14:45:00,702 - zmirror - INFO - handling client connection
2025-01-30 14:45:00,702 - zmirror - INFO - handling client connection
2025-01-30 14:45:00,704 - zmirror - INFO - handling event
2025-01-30 14:45:00,705 - zmirror - INFO - {
  "ZEVENT_CLASS": "sysevent.fs.zfs.history_event",
  "ZEVENT_POOL_GUID": "0xD842CE6598FB0398",
  "ZEVENT_HISTORY_DSID": "30818",
  "ZED": "/nix/store/6ayll03blb7pj4qbjqwmabx7plr8z8d2-zfs-user-2.2.7/sbin/zed",
  "ZEVENT_TIME_NSECS": "611944548",
  "ZEVENT_VERSION": "0",
  "ZEVENT_POOL_STATE": "0",
  "PWD": "/",
  "ZEVENT_HISTORY_TIME": "1738244700",
  "ZDB": "/nix/store/6ayll03blb7pj4qbjqwmabx7plr8z8d2-zfs-user-2.2.7/sbin/zdb",
  "ZEVENT_POOL_CONTEXT": "0",
  "ZPOOL": "/nix/store/6ayll03blb7pj4qbjqwmabx7plr8z8d2-zfs-user-2.2.7/sbin/zpool",
  "ZEVENT_HISTORY_INTERNAL_STR": " ",
  "ZEVENT_TIME_STRING": "2025-01-30 14:45:00+0100",
  "ZEVENT_HISTORY_INTERNAL_NAME": "snapshot",
  "ZINJECT": "/nix/store/6ayll03blb7pj4qbjqwmabx7plr8z8d2-zfs-user-2.2.7/sbin/zinject",
  "ZFS_VERSION": "2.2.7",
  "ZEVENT_TIME": "1738244700 611944548",
  "ZFS_ALIAS": "zfs-2.2.7-1",
  "SHLVL": "1",
  "ZFS": "/nix/store/6ayll03blb7pj4qbjqwmabx7plr8z8d2-zfs-user-2.2.7/sbin/zfs",
  "ZFS_RELEASE": "1",
  "ZEVENT_HISTORY_TXG": "6496792",
  "ZEVENT_TIME_SECS": "1738244700",
  "IFS": " \t\n",
  "ZEVENT_HISTORY_HOSTNAME": "eva",
  "ZED_ZEDLET_DIR": "/etc/zfs/zed.d",
  "ZEVENT_SUBCLASS": "history_event",
  "PATH": "/nix/store/6ayll03blb7pj4qbjqwmabx7plr8z8d2-zfs-user-2.2.7/bin:/nix/store/b1wvkjx96i3s7wblz38ya0zr8i93zbc5-coreutils-9.5/bin:/nix/store/r686j19q8zcnccpg5h9xlf7bvvs27b8s-curl-8.11.0-bin/bin:/nix/store/nnin69nrnrrmnv2scbwyfkgh1rf51gh1-gawk-5.3.1/bin:/nix/store/85amyk92rg19l4fy0qmy7wr4jmq8p5z0-gnugrep-3.11/bin:/nix/store/vmby25zqxnx94awvj0k7zn0rsd0zyrwg-gnused-4.9/bin:/nix/store/j3mb8cfv3k995ll5kj3hv90jlcrlzlaw-net-tools-2.10/bin:/nix/store/ndqpb82si5a7znlb4wa84sjncl4mvgqm-util-linux-2.39.4-bin/bin",
  "ZEVENT_POOL": "eva",
  "ZEVENT_EID": "9555",
  "ZED_PID": "2636",
  "ZEVENT_POOL_STATE_STR": "ACTIVE",
  "ZEVENT_HISTORY_DSNAME": "eva/vms/vm-etzchaim-data@zfs-auto-snap_frequent-2025-01-30-13h45U",
  "_": "/nix/store/ikll2ssnl4w7dcmksf1vn6ga8h2h32mi-python3-3.12.7-env/bin/python",
  "PYTHONNOUSERSITE": "true",
  "LC_CTYPE": "C.UTF-8"
}
2025-01-30 14:45:00,705 - zmirror - INFO - writing cache
2025-01-30 14:45:00,706 - zmirror - INFO - handling client connection
2025-01-30 14:45:00,708 - zmirror - INFO - cache written.
2025-01-30 14:45:00,708 - zmirror - INFO - handling event
2025-01-30 14:45:00,708 - zmirror - INFO - {
  "ZEVENT_CLASS": "sysevent.fs.zfs.history_event",
  "ZEVENT_POOL_GUID": "0xD842CE6598FB0398",
  "ZEVENT_HISTORY_DSID": "30816",
  "ZED": "/nix/store/6ayll03blb7pj4qbjqwmabx7plr8z8d2-zfs-user-2.2.7/sbin/zed",
  "ZEVENT_TIME_NSECS": "610944537",
  "ZEVENT_VERSION": "0",
  "ZEVENT_POOL_STATE": "0",
  "PWD": "/",
  "ZEVENT_HISTORY_TIME": "1738244700",
  "ZDB": "/nix/store/6ayll03blb7pj4qbjqwmabx7plr8z8d2-zfs-user-2.2.7/sbin/zdb",
  "ZEVENT_POOL_CONTEXT": "0",
  "ZPOOL": "/nix/store/6ayll03blb7pj4qbjqwmabx7plr8z8d2-zfs-user-2.2.7/sbin/zpool",
  "ZEVENT_HISTORY_INTERNAL_STR": " ",
  "ZEVENT_TIME_STRING": "2025-01-30 14:45:00+0100",
  "ZEVENT_HISTORY_INTERNAL_NAME": "snapshot",
  "ZINJECT": "/nix/store/6ayll03blb7pj4qbjqwmabx7plr8z8d2-zfs-user-2.2.7/sbin/zinject",
  "ZFS_VERSION": "2.2.7",
  "ZEVENT_TIME": "1738244700 610944537",
  "ZFS_ALIAS": "zfs-2.2.7-1",
  "SHLVL": "1",
  "ZFS": "/nix/store/6ayll03blb7pj4qbjqwmabx7plr8z8d2-zfs-user-2.2.7/sbin/zfs",
  "ZFS_RELEASE": "1",
  "ZEVENT_HISTORY_TXG": "6496792",
  "ZEVENT_TIME_SECS": "1738244700",
  "IFS": " \t\n",
  "ZEVENT_HISTORY_HOSTNAME": "eva",
  "ZED_ZEDLET_DIR": "/etc/zfs/zed.d",
  "ZEVENT_SUBCLASS": "history_event",
  "PATH": "/nix/store/6ayll03blb7pj4qbjqwmabx7plr8z8d2-zfs-user-2.2.7/bin:/nix/store/b1wvkjx96i3s7wblz38ya0zr8i93zbc5-coreutils-9.5/bin:/nix/store/r686j19q8zcnccpg5h9xlf7bvvs27b8s-curl-8.11.0-bin/bin:/nix/store/nnin69nrnrrmnv2scbwyfkgh1rf51gh1-gawk-5.3.1/bin:/nix/store/85amyk92rg19l4fy0qmy7wr4jmq8p5z0-gnugrep-3.11/bin:/nix/store/vmby25zqxnx94awvj0k7zn0rsd0zyrwg-gnused-4.9/bin:/nix/store/j3mb8cfv3k995ll5kj3hv90jlcrlzlaw-net-tools-2.10/bin:/nix/store/ndqpb82si5a7znlb4wa84sjncl4mvgqm-util-linux-2.39.4-bin/bin",
  "ZEVENT_POOL": "eva",
  "ZEVENT_EID": "9554",
  "ZED_PID": "2636",
  "ZEVENT_POOL_STATE_STR": "ACTIVE",
  "ZEVENT_HISTORY_DSNAME": "eva/vms/vm-eden-data@zfs-auto-snap_frequent-2025-01-30-13h45U",
  "_": "/nix/store/ikll2ssnl4w7dcmksf1vn6ga8h2h32mi-python3-3.12.7-env/bin/python",
  "PYTHONNOUSERSITE": "true",
  "LC_CTYPE": "C.UTF-8"
}
2025-01-30 14:45:00,708 - zmirror - INFO - writing cache
2025-01-30 14:45:00,709 - zmirror - INFO - cache written.
2025-01-30 14:45:00,711 - zmirror - INFO - handling event
2025-01-30 14:45:00,712 - zmirror - INFO - {
  "ZEVENT_CLASS": "sysevent.fs.zfs.history_event",
  "ZEVENT_POOL_GUID": "0xD842CE6598FB0398",
  "ZEVENT_HISTORY_DSID": "30812",
  "ZED": "/nix/store/6ayll03blb7pj4qbjqwmabx7plr8z8d2-zfs-user-2.2.7/sbin/zed",
  "ZEVENT_TIME_NSECS": "609944526",
  "ZEVENT_VERSION": "0",
  "ZEVENT_POOL_STATE": "0",
  "PWD": "/",
  "ZEVENT_HISTORY_TIME": "1738244700",
  "ZDB": "/nix/store/6ayll03blb7pj4qbjqwmabx7plr8z8d2-zfs-user-2.2.7/sbin/zdb",
  "ZEVENT_POOL_CONTEXT": "0",
  "ZPOOL": "/nix/store/6ayll03blb7pj4qbjqwmabx7plr8z8d2-zfs-user-2.2.7/sbin/zpool",
  "ZEVENT_HISTORY_INTERNAL_STR": " ",
  "ZEVENT_TIME_STRING": "2025-01-30 14:45:00+0100",
  "ZEVENT_HISTORY_INTERNAL_NAME": "snapshot",
  "ZINJECT": "/nix/store/6ayll03blb7pj4qbjqwmabx7plr8z8d2-zfs-user-2.2.7/sbin/zinject",
  "ZFS_VERSION": "2.2.7",
  "ZEVENT_TIME": "1738244700 609944526",
  "ZFS_ALIAS": "zfs-2.2.7-1",
  "SHLVL": "1",
  "ZFS": "/nix/store/6ayll03blb7pj4qbjqwmabx7plr8z8d2-zfs-user-2.2.7/sbin/zfs",
  "ZFS_RELEASE": "1",
  "ZEVENT_HISTORY_TXG": "6496792",
  "ZEVENT_TIME_SECS": "1738244700",
  "IFS": " \t\n",
  "ZEVENT_HISTORY_HOSTNAME": "eva",
  "ZED_ZEDLET_DIR": "/etc/zfs/zed.d",
  "ZEVENT_SUBCLASS": "history_event",
  "PATH": "/nix/store/6ayll03blb7pj4qbjqwmabx7plr8z8d2-zfs-user-2.2.7/bin:/nix/store/b1wvkjx96i3s7wblz38ya0zr8i93zbc5-coreutils-9.5/bin:/nix/store/r686j19q8zcnccpg5h9xlf7bvvs27b8s-curl-8.11.0-bin/bin:/nix/store/nnin69nrnrrmnv2scbwyfkgh1rf51gh1-gawk-5.3.1/bin:/nix/store/85amyk92rg19l4fy0qmy7wr4jmq8p5z0-gnugrep-3.11/bin:/nix/store/vmby25zqxnx94awvj0k7zn0rsd0zyrwg-gnused-4.9/bin:/nix/store/j3mb8cfv3k995ll5kj3hv90jlcrlzlaw-net-tools-2.10/bin:/nix/store/ndqpb82si5a7znlb4wa84sjncl4mvgqm-util-linux-2.39.4-bin/bin",
  "ZEVENT_POOL": "eva",
  "ZEVENT_EID": "9552",
  "ZED_PID": "2636",
  "ZEVENT_POOL_STATE_STR": "ACTIVE",
  "ZEVENT_HISTORY_DSNAME": "eva/data@zfs-auto-snap_frequent-2025-01-30-13h45U",
  "_": "/nix/store/ikll2ssnl4w7dcmksf1vn6ga8h2h32mi-python3-3.12.7-env/bin/python",
  "PYTHONNOUSERSITE": "true",
  "LC_CTYPE": "C.UTF-8"
}
2025-01-30 14:45:00,713 - zmirror - INFO - writing cache
2025-01-30 14:45:00,713 - zmirror - INFO - cache written.
2025-01-30 14:45:00,732 - zmirror - INFO - handling client connection
2025-01-30 14:45:00,732 - zmirror - INFO - handling event
2025-01-30 14:45:00,732 - zmirror - INFO - {
  "ZEVENT_CLASS": "sysevent.fs.zfs.history_event",
  "ZEVENT_POOL_GUID": "0xD842CE6598FB0398",
  "ZEVENT_HISTORY_DSID": "30814",
  "ZED": "/nix/store/6ayll03blb7pj4qbjqwmabx7plr8z8d2-zfs-user-2.2.7/sbin/zed",
  "ZEVENT_TIME_NSECS": "610944537",
  "ZEVENT_VERSION": "0",
  "ZEVENT_POOL_STATE": "0",
  "PWD": "/",
  "ZEVENT_HISTORY_TIME": "1738244700",
  "ZDB": "/nix/store/6ayll03blb7pj4qbjqwmabx7plr8z8d2-zfs-user-2.2.7/sbin/zdb",
  "ZEVENT_POOL_CONTEXT": "0",
  "ZPOOL": "/nix/store/6ayll03blb7pj4qbjqwmabx7plr8z8d2-zfs-user-2.2.7/sbin/zpool",
  "ZEVENT_HISTORY_INTERNAL_STR": " ",
  "ZEVENT_TIME_STRING": "2025-01-30 14:45:00+0100",
  "ZEVENT_HISTORY_INTERNAL_NAME": "snapshot",
  "ZINJECT": "/nix/store/6ayll03blb7pj4qbjqwmabx7plr8z8d2-zfs-user-2.2.7/sbin/zinject",
  "ZFS_VERSION": "2.2.7",
  "ZEVENT_TIME": "1738244700 610944537",
  "ZFS_ALIAS": "zfs-2.2.7-1",
  "SHLVL": "1",
  "ZFS": "/nix/store/6ayll03blb7pj4qbjqwmabx7plr8z8d2-zfs-user-2.2.7/sbin/zfs",
  "ZFS_RELEASE": "1",
  "ZEVENT_HISTORY_TXG": "6496792",
  "ZEVENT_TIME_SECS": "1738244700",
  "IFS": " \t\n",
  "ZEVENT_HISTORY_HOSTNAME": "eva",
  "ZED_ZEDLET_DIR": "/etc/zfs/zed.d",
  "ZEVENT_SUBCLASS": "history_event",
  "PATH": "/nix/store/6ayll03blb7pj4qbjqwmabx7plr8z8d2-zfs-user-2.2.7/bin:/nix/store/b1wvkjx96i3s7wblz38ya0zr8i93zbc5-coreutils-9.5/bin:/nix/store/r686j19q8zcnccpg5h9xlf7bvvs27b8s-curl-8.11.0-bin/bin:/nix/store/nnin69nrnrrmnv2scbwyfkgh1rf51gh1-gawk-5.3.1/bin:/nix/store/85amyk92rg19l4fy0qmy7wr4jmq8p5z0-gnugrep-3.11/bin:/nix/store/vmby25zqxnx94awvj0k7zn0rsd0zyrwg-gnused-4.9/bin:/nix/store/j3mb8cfv3k995ll5kj3hv90jlcrlzlaw-net-tools-2.10/bin:/nix/store/ndqpb82si5a7znlb4wa84sjncl4mvgqm-util-linux-2.39.4-bin/bin",
  "ZEVENT_POOL": "eva",
  "ZEVENT_EID": "9553",
  "ZED_PID": "2636",
  "ZEVENT_POOL_STATE_STR": "ACTIVE",
  "ZEVENT_HISTORY_DSNAME": "eva/data/zion@zfs-auto-snap_frequent-2025-01-30-13h45U",
  "_": "/nix/store/ikll2ssnl4w7dcmksf1vn6ga8h2h32mi-python3-3.12.7-env/bin/python",
  "PYTHONNOUSERSITE": "true",
  "LC_CTYPE": "C.UTF-8"
}
2025-01-30 14:45:00,733 - zmirror - INFO - writing cache
2025-01-30 14:45:00,733 - zmirror - INFO - cache written.
2025-01-30 14:45:01,116 - zmirror - INFO - handling client connection
2025-01-30 14:45:01,117 - zmirror - INFO - handling event
2025-01-30 14:45:01,118 - zmirror - INFO - {
  "ZEVENT_CLASS": "sysevent.fs.zfs.history_event",
  "ZEVENT_POOL_GUID": "0xD842CE6598FB0398",
  "ZEVENT_HISTORY_DSID": "29687",
  "ZED": "/nix/store/6ayll03blb7pj4qbjqwmabx7plr8z8d2-zfs-user-2.2.7/sbin/zed",
  "ZEVENT_TIME_NSECS": "10948866",
  "ZEVENT_VERSION": "0",
  "ZEVENT_POOL_STATE": "0",
  "PWD": "/",
  "ZEVENT_HISTORY_TIME": "1738244701",
  "ZDB": "/nix/store/6ayll03blb7pj4qbjqwmabx7plr8z8d2-zfs-user-2.2.7/sbin/zdb",
  "ZEVENT_POOL_CONTEXT": "0",
  "ZPOOL": "/nix/store/6ayll03blb7pj4qbjqwmabx7plr8z8d2-zfs-user-2.2.7/sbin/zpool",
  "ZEVENT_HISTORY_INTERNAL_STR": " ",
  "ZEVENT_TIME_STRING": "2025-01-30 14:45:01+0100",
  "ZEVENT_HISTORY_INTERNAL_NAME": "destroy",
  "ZINJECT": "/nix/store/6ayll03blb7pj4qbjqwmabx7plr8z8d2-zfs-user-2.2.7/sbin/zinject",
  "ZFS_VERSION": "2.2.7",
  "ZEVENT_TIME": "1738244701 10948866",
  "ZFS_ALIAS": "zfs-2.2.7-1",
  "SHLVL": "1",
  "ZFS": "/nix/store/6ayll03blb7pj4qbjqwmabx7plr8z8d2-zfs-user-2.2.7/sbin/zfs",
  "ZFS_RELEASE": "1",
  "ZEVENT_HISTORY_TXG": "6496793",
  "ZEVENT_TIME_SECS": "1738244701",
  "IFS": " \t\n",
  "ZEVENT_HISTORY_HOSTNAME": "eva",
  "ZED_ZEDLET_DIR": "/etc/zfs/zed.d",
  "ZEVENT_SUBCLASS": "history_event",
  "PATH": "/nix/store/6ayll03blb7pj4qbjqwmabx7plr8z8d2-zfs-user-2.2.7/bin:/nix/store/b1wvkjx96i3s7wblz38ya0zr8i93zbc5-coreutils-9.5/bin:/nix/store/r686j19q8zcnccpg5h9xlf7bvvs27b8s-curl-8.11.0-bin/bin:/nix/store/nnin69nrnrrmnv2scbwyfkgh1rf51gh1-gawk-5.3.1/bin:/nix/store/85amyk92rg19l4fy0qmy7wr4jmq8p5z0-gnugrep-3.11/bin:/nix/store/vmby25zqxnx94awvj0k7zn0rsd0zyrwg-gnused-4.9/bin:/nix/store/j3mb8cfv3k995ll5kj3hv90jlcrlzlaw-net-tools-2.10/bin:/nix/store/ndqpb82si5a7znlb4wa84sjncl4mvgqm-util-linux-2.39.4-bin/bin",
  "ZEVENT_POOL": "eva",
  "ZEVENT_EID": "9558",
  "ZED_PID": "2636",
  "ZEVENT_POOL_STATE_STR": "ACTIVE",
  "ZEVENT_HISTORY_DSNAME": "eva/data@zfs-auto-snap_frequent-2025-01-30-12h45U",
  "_": "/nix/store/ikll2ssnl4w7dcmksf1vn6ga8h2h32mi-python3-3.12.7-env/bin/python",
  "PYTHONNOUSERSITE": "true",
  "LC_CTYPE": "C.UTF-8"
}
2025-01-30 14:45:01,118 - zmirror - INFO - writing cache
2025-01-30 14:45:01,119 - zmirror - INFO - cache written.
2025-01-30 14:45:01,123 - zmirror - INFO - handling client connection
2025-01-30 14:45:01,124 - zmirror - INFO - handling event
2025-01-30 14:45:01,124 - zmirror - INFO - {
  "ZEVENT_CLASS": "sysevent.fs.zfs.history_event",
  "ZEVENT_POOL_GUID": "0x8D2B8D399AF9421C",
  "ZEVENT_HISTORY_DSID": "28580",
  "ZED": "/nix/store/6ayll03blb7pj4qbjqwmabx7plr8z8d2-zfs-user-2.2.7/sbin/zed",
  "ZEVENT_TIME_NSECS": "10948866",
  "ZEVENT_VERSION": "0",
  "ZEVENT_POOL_STATE": "0",
  "PWD": "/",
  "ZEVENT_HISTORY_TIME": "1738244701",
  "ZDB": "/nix/store/6ayll03blb7pj4qbjqwmabx7plr8z8d2-zfs-user-2.2.7/sbin/zdb",
  "ZEVENT_POOL_CONTEXT": "0",
  "ZPOOL": "/nix/store/6ayll03blb7pj4qbjqwmabx7plr8z8d2-zfs-user-2.2.7/sbin/zpool",
  "ZEVENT_HISTORY_INTERNAL_STR": " ",
  "ZEVENT_TIME_STRING": "2025-01-30 14:45:01+0100",
  "ZEVENT_HISTORY_INTERNAL_NAME": "destroy",
  "ZINJECT": "/nix/store/6ayll03blb7pj4qbjqwmabx7plr8z8d2-zfs-user-2.2.7/sbin/zinject",
  "ZFS_VERSION": "2.2.7",
  "ZEVENT_TIME": "1738244701 10948866",
  "ZFS_ALIAS": "zfs-2.2.7-1",
  "SHLVL": "1",
  "ZFS": "/nix/store/6ayll03blb7pj4qbjqwmabx7plr8z8d2-zfs-user-2.2.7/sbin/zfs",
  "ZFS_RELEASE": "1",
  "ZEVENT_HISTORY_TXG": "6561341",
  "ZEVENT_TIME_SECS": "1738244701",
  "IFS": " \t\n",
  "ZEVENT_HISTORY_HOSTNAME": "eva",
  "ZED_ZEDLET_DIR": "/etc/zfs/zed.d",
  "ZEVENT_SUBCLASS": "history_event",
  "PATH": "/nix/store/6ayll03blb7pj4qbjqwmabx7plr8z8d2-zfs-user-2.2.7/bin:/nix/store/b1wvkjx96i3s7wblz38ya0zr8i93zbc5-coreutils-9.5/bin:/nix/store/r686j19q8zcnccpg5h9xlf7bvvs27b8s-curl-8.11.0-bin/bin:/nix/store/nnin69nrnrrmnv2scbwyfkgh1rf51gh1-gawk-5.3.1/bin:/nix/store/85amyk92rg19l4fy0qmy7wr4jmq8p5z0-gnugrep-3.11/bin:/nix/store/vmby25zqxnx94awvj0k7zn0rsd0zyrwg-gnused-4.9/bin:/nix/store/j3mb8cfv3k995ll5kj3hv90jlcrlzlaw-net-tools-2.10/bin:/nix/store/ndqpb82si5a7znlb4wa84sjncl4mvgqm-util-linux-2.39.4-bin/bin",
  "ZEVENT_POOL": "big",
  "ZEVENT_EID": "9557",
  "ZED_PID": "2636",
  "ZEVENT_POOL_STATE_STR": "ACTIVE",
  "ZEVENT_HISTORY_DSNAME": "big/files@zfs-auto-snap_frequent-2025-01-30-12h45U",
  "_": "/nix/store/ikll2ssnl4w7dcmksf1vn6ga8h2h32mi-python3-3.12.7-env/bin/python",
  "PYTHONNOUSERSITE": "true",
  "LC_CTYPE": "C.UTF-8"
}
2025-01-30 14:45:01,125 - zmirror - INFO - writing cache
2025-01-30 14:45:01,126 - zmirror - INFO - cache written.
2025-01-30 14:45:01,140 - zmirror - INFO - handling client connection
2025-01-30 14:45:01,140 - zmirror - INFO - handling event
2025-01-30 14:45:01,140 - zmirror - INFO - {
  "ZEVENT_CLASS": "sysevent.fs.zfs.history_event",
  "ZEVENT_POOL_GUID": "0xD842CE6598FB0398",
  "ZEVENT_HISTORY_DSID": "29693",
  "ZED": "/nix/store/6ayll03blb7pj4qbjqwmabx7plr8z8d2-zfs-user-2.2.7/sbin/zed",
  "ZEVENT_TIME_NSECS": "7948833",
  "ZEVENT_VERSION": "0",
  "ZEVENT_POOL_STATE": "0",
  "PWD": "/",
  "ZEVENT_HISTORY_TIME": "1738244701",
  "ZDB": "/nix/store/6ayll03blb7pj4qbjqwmabx7plr8z8d2-zfs-user-2.2.7/sbin/zdb",
  "ZEVENT_POOL_CONTEXT": "0",
  "ZPOOL": "/nix/store/6ayll03blb7pj4qbjqwmabx7plr8z8d2-zfs-user-2.2.7/sbin/zpool",
  "ZEVENT_HISTORY_INTERNAL_STR": " ",
  "ZEVENT_TIME_STRING": "2025-01-30 14:45:01+0100",
  "ZEVENT_HISTORY_INTERNAL_NAME": "destroy",
  "ZINJECT": "/nix/store/6ayll03blb7pj4qbjqwmabx7plr8z8d2-zfs-user-2.2.7/sbin/zinject",
  "ZFS_VERSION": "2.2.7",
  "ZEVENT_TIME": "1738244701 7948833",
  "ZFS_ALIAS": "zfs-2.2.7-1",
  "SHLVL": "1",
  "ZFS": "/nix/store/6ayll03blb7pj4qbjqwmabx7plr8z8d2-zfs-user-2.2.7/sbin/zfs",
  "ZFS_RELEASE": "1",
  "ZEVENT_HISTORY_TXG": "6496793",
  "ZEVENT_TIME_SECS": "1738244701",
  "IFS": " \t\n",
  "ZEVENT_HISTORY_HOSTNAME": "eva",
  "ZED_ZEDLET_DIR": "/etc/zfs/zed.d",
  "ZEVENT_SUBCLASS": "history_event",
  "PATH": "/nix/store/6ayll03blb7pj4qbjqwmabx7plr8z8d2-zfs-user-2.2.7/bin:/nix/store/b1wvkjx96i3s7wblz38ya0zr8i93zbc5-coreutils-9.5/bin:/nix/store/r686j19q8zcnccpg5h9xlf7bvvs27b8s-curl-8.11.0-bin/bin:/nix/store/nnin69nrnrrmnv2scbwyfkgh1rf51gh1-gawk-5.3.1/bin:/nix/store/85amyk92rg19l4fy0qmy7wr4jmq8p5z0-gnugrep-3.11/bin:/nix/store/vmby25zqxnx94awvj0k7zn0rsd0zyrwg-gnused-4.9/bin:/nix/store/j3mb8cfv3k995ll5kj3hv90jlcrlzlaw-net-tools-2.10/bin:/nix/store/ndqpb82si5a7znlb4wa84sjncl4mvgqm-util-linux-2.39.4-bin/bin",
  "ZEVENT_POOL": "eva",
  "ZEVENT_EID": "9556",
  "ZED_PID": "2636",
  "ZEVENT_POOL_STATE_STR": "ACTIVE",
  "ZEVENT_HISTORY_DSNAME": "eva/vms/vm-etzchaim-data@zfs-auto-snap_frequent-2025-01-30-12h45U",
  "_": "/nix/store/ikll2ssnl4w7dcmksf1vn6ga8h2h32mi-python3-3.12.7-env/bin/python",
  "PYTHONNOUSERSITE": "true",
  "LC_CTYPE": "C.UTF-8"
}
2025-01-30 14:45:01,141 - zmirror - INFO - writing cache
2025-01-30 14:45:01,141 - zmirror - INFO - cache written.
2025-01-30 14:45:01,166 - zmirror - INFO - handling client connection
2025-01-30 14:45:01,167 - zmirror - INFO - handling event
2025-01-30 14:45:01,168 - zmirror - INFO - {
  "ZEVENT_CLASS": "sysevent.fs.zfs.history_event",
  "ZEVENT_POOL_GUID": "0xD842CE6598FB0398",
  "ZEVENT_HISTORY_DSID": "29689",
  "ZED": "/nix/store/6ayll03blb7pj4qbjqwmabx7plr8z8d2-zfs-user-2.2.7/sbin/zed",
  "ZEVENT_TIME_NSECS": "46949255",
  "ZEVENT_VERSION": "0",
  "ZEVENT_POOL_STATE": "0",
  "PWD": "/",
  "ZEVENT_HISTORY_TIME": "1738244701",
  "ZDB": "/nix/store/6ayll03blb7pj4qbjqwmabx7plr8z8d2-zfs-user-2.2.7/sbin/zdb",
  "ZEVENT_POOL_CONTEXT": "0",
  "ZPOOL": "/nix/store/6ayll03blb7pj4qbjqwmabx7plr8z8d2-zfs-user-2.2.7/sbin/zpool",
  "ZEVENT_HISTORY_INTERNAL_STR": " ",
  "ZEVENT_TIME_STRING": "2025-01-30 14:45:01+0100",
  "ZEVENT_HISTORY_INTERNAL_NAME": "destroy",
  "ZINJECT": "/nix/store/6ayll03blb7pj4qbjqwmabx7plr8z8d2-zfs-user-2.2.7/sbin/zinject",
  "ZFS_VERSION": "2.2.7",
  "ZEVENT_TIME": "1738244701 46949255",
  "ZFS_ALIAS": "zfs-2.2.7-1",
  "SHLVL": "1",
  "ZFS": "/nix/store/6ayll03blb7pj4qbjqwmabx7plr8z8d2-zfs-user-2.2.7/sbin/zfs",
  "ZFS_RELEASE": "1",
  "ZEVENT_HISTORY_TXG": "6496794",
  "ZEVENT_TIME_SECS": "1738244701",
  "IFS": " \t\n",
  "ZEVENT_HISTORY_HOSTNAME": "eva",
  "ZED_ZEDLET_DIR": "/etc/zfs/zed.d",
  "ZEVENT_SUBCLASS": "history_event",
  "PATH": "/nix/store/6ayll03blb7pj4qbjqwmabx7plr8z8d2-zfs-user-2.2.7/bin:/nix/store/b1wvkjx96i3s7wblz38ya0zr8i93zbc5-coreutils-9.5/bin:/nix/store/r686j19q8zcnccpg5h9xlf7bvvs27b8s-curl-8.11.0-bin/bin:/nix/store/nnin69nrnrrmnv2scbwyfkgh1rf51gh1-gawk-5.3.1/bin:/nix/store/85amyk92rg19l4fy0qmy7wr4jmq8p5z0-gnugrep-3.11/bin:/nix/store/vmby25zqxnx94awvj0k7zn0rsd0zyrwg-gnused-4.9/bin:/nix/store/j3mb8cfv3k995ll5kj3hv90jlcrlzlaw-net-tools-2.10/bin:/nix/store/ndqpb82si5a7znlb4wa84sjncl4mvgqm-util-linux-2.39.4-bin/bin",
  "ZEVENT_POOL": "eva",
  "ZEVENT_EID": "9560",
  "ZED_PID": "2636",
  "ZEVENT_POOL_STATE_STR": "ACTIVE",
  "ZEVENT_HISTORY_DSNAME": "eva/data/zion@zfs-auto-snap_frequent-2025-01-30-12h45U",
  "_": "/nix/store/ikll2ssnl4w7dcmksf1vn6ga8h2h32mi-python3-3.12.7-env/bin/python",
  "PYTHONNOUSERSITE": "true",
  "LC_CTYPE": "C.UTF-8"
}
2025-01-30 14:45:01,169 - zmirror - INFO - writing cache
2025-01-30 14:45:01,169 - zmirror - INFO - cache written.
2025-01-30 14:45:01,171 - zmirror - INFO - handling client connection
2025-01-30 14:45:01,172 - zmirror - INFO - handling event
2025-01-30 14:45:01,172 - zmirror - INFO - {
  "ZEVENT_CLASS": "sysevent.fs.zfs.history_event",
  "ZEVENT_POOL_GUID": "0xD842CE6598FB0398",
  "ZEVENT_HISTORY_DSID": "29691",
  "ZED": "/nix/store/6ayll03blb7pj4qbjqwmabx7plr8z8d2-zfs-user-2.2.7/sbin/zed",
  "ZEVENT_TIME_NSECS": "43949223",
  "ZEVENT_VERSION": "0",
  "ZEVENT_POOL_STATE": "0",
  "PWD": "/",
  "ZEVENT_HISTORY_TIME": "1738244701",
  "ZDB": "/nix/store/6ayll03blb7pj4qbjqwmabx7plr8z8d2-zfs-user-2.2.7/sbin/zdb",
  "ZEVENT_POOL_CONTEXT": "0",
  "ZPOOL": "/nix/store/6ayll03blb7pj4qbjqwmabx7plr8z8d2-zfs-user-2.2.7/sbin/zpool",
  "ZEVENT_HISTORY_INTERNAL_STR": " ",
  "ZEVENT_TIME_STRING": "2025-01-30 14:45:01+0100",
  "ZEVENT_HISTORY_INTERNAL_NAME": "destroy",
  "ZINJECT": "/nix/store/6ayll03blb7pj4qbjqwmabx7plr8z8d2-zfs-user-2.2.7/sbin/zinject",
  "ZFS_VERSION": "2.2.7",
  "ZEVENT_TIME": "1738244701 43949223",
  "ZFS_ALIAS": "zfs-2.2.7-1",
  "SHLVL": "1",
  "ZFS": "/nix/store/6ayll03blb7pj4qbjqwmabx7plr8z8d2-zfs-user-2.2.7/sbin/zfs",
  "ZFS_RELEASE": "1",
  "ZEVENT_HISTORY_TXG": "6496794",
  "ZEVENT_TIME_SECS": "1738244701",
  "IFS": " \t\n",
  "ZEVENT_HISTORY_HOSTNAME": "eva",
  "ZED_ZEDLET_DIR": "/etc/zfs/zed.d",
  "ZEVENT_SUBCLASS": "history_event",
  "PATH": "/nix/store/6ayll03blb7pj4qbjqwmabx7plr8z8d2-zfs-user-2.2.7/bin:/nix/store/b1wvkjx96i3s7wblz38ya0zr8i93zbc5-coreutils-9.5/bin:/nix/store/r686j19q8zcnccpg5h9xlf7bvvs27b8s-curl-8.11.0-bin/bin:/nix/store/nnin69nrnrrmnv2scbwyfkgh1rf51gh1-gawk-5.3.1/bin:/nix/store/85amyk92rg19l4fy0qmy7wr4jmq8p5z0-gnugrep-3.11/bin:/nix/store/vmby25zqxnx94awvj0k7zn0rsd0zyrwg-gnused-4.9/bin:/nix/store/j3mb8cfv3k995ll5kj3hv90jlcrlzlaw-net-tools-2.10/bin:/nix/store/ndqpb82si5a7znlb4wa84sjncl4mvgqm-util-linux-2.39.4-bin/bin",
  "ZEVENT_POOL": "eva",
  "ZEVENT_EID": "9559",
  "ZED_PID": "2636",
  "ZEVENT_POOL_STATE_STR": "ACTIVE",
  "ZEVENT_HISTORY_DSNAME": "eva/vms/vm-eden-data@zfs-auto-snap_frequent-2025-01-30-12h45U",
  "_": "/nix/store/ikll2ssnl4w7dcmksf1vn6ga8h2h32mi-python3-3.12.7-env/bin/python",
  "PYTHONNOUSERSITE": "true",
  "LC_CTYPE": "C.UTF-8"
}
2025-01-30 14:45:01,172 - zmirror - INFO - writing cache
2025-01-30 14:45:01,173 - zmirror - INFO - cache written.
2025-01-30 14:52:43,140 - zmirror - INFO - handling client connection
2025-01-30 14:52:43,141 - zmirror - INFO - handling event
2025-01-30 14:52:43,141 - zmirror - INFO - {
  "ZEVENT_CLASS": "sysevent.fs.zfs.history_event",
  "ZEVENT_POOL_GUID": "0xD842CE6598FB0398",
  "ZEVENT_HISTORY_DSID": "127427",
  "ZED": "/nix/store/6ayll03blb7pj4qbjqwmabx7plr8z8d2-zfs-user-2.2.7/sbin/zed",
  "ZEVENT_TIME_NSECS": "43995795",
  "ZEVENT_VERSION": "0",
  "ZEVENT_POOL_STATE": "0",
  "PWD": "/",
  "ZEVENT_HISTORY_TIME": "1738245163",
  "ZDB": "/nix/store/6ayll03blb7pj4qbjqwmabx7plr8z8d2-zfs-user-2.2.7/sbin/zdb",
  "ZEVENT_POOL_CONTEXT": "0",
  "ZPOOL": "/nix/store/6ayll03blb7pj4qbjqwmabx7plr8z8d2-zfs-user-2.2.7/sbin/zpool",
  "ZEVENT_HISTORY_INTERNAL_STR": "volmode=0",
  "ZEVENT_TIME_STRING": "2025-01-30 14:52:43+0100",
  "ZEVENT_HISTORY_INTERNAL_NAME": "set",
  "ZINJECT": "/nix/store/6ayll03blb7pj4qbjqwmabx7plr8z8d2-zfs-user-2.2.7/sbin/zinject",
  "ZFS_VERSION": "2.2.7",
  "ZEVENT_TIME": "1738245163 43995795",
  "ZFS_ALIAS": "zfs-2.2.7-1",
  "SHLVL": "1",
  "ZFS": "/nix/store/6ayll03blb7pj4qbjqwmabx7plr8z8d2-zfs-user-2.2.7/sbin/zfs",
  "ZFS_RELEASE": "1",
  "ZEVENT_HISTORY_TXG": "6496885",
  "ZEVENT_TIME_SECS": "1738245163",
  "IFS": " \t\n",
  "ZEVENT_HISTORY_HOSTNAME": "eva",
  "ZED_ZEDLET_DIR": "/etc/zfs/zed.d",
  "ZEVENT_SUBCLASS": "history_event",
  "PATH": "/nix/store/6ayll03blb7pj4qbjqwmabx7plr8z8d2-zfs-user-2.2.7/bin:/nix/store/b1wvkjx96i3s7wblz38ya0zr8i93zbc5-coreutils-9.5/bin:/nix/store/r686j19q8zcnccpg5h9xlf7bvvs27b8s-curl-8.11.0-bin/bin:/nix/store/nnin69nrnrrmnv2scbwyfkgh1rf51gh1-gawk-5.3.1/bin:/nix/store/85amyk92rg19l4fy0qmy7wr4jmq8p5z0-gnugrep-3.11/bin:/nix/store/vmby25zqxnx94awvj0k7zn0rsd0zyrwg-gnused-4.9/bin:/nix/store/j3mb8cfv3k995ll5kj3hv90jlcrlzlaw-net-tools-2.10/bin:/nix/store/ndqpb82si5a7znlb4wa84sjncl4mvgqm-util-linux-2.39.4-bin/bin",
  "ZEVENT_POOL": "eva",
  "ZEVENT_EID": "9561",
  "ZED_PID": "2636",
  "ZEVENT_POOL_STATE_STR": "ACTIVE",
  "ZEVENT_HISTORY_DSNAME": "eva/test",
  "_": "/nix/store/ikll2ssnl4w7dcmksf1vn6ga8h2h32mi-python3-3.12.7-env/bin/python",
  "PYTHONNOUSERSITE": "true",
  "LC_CTYPE": "C.UTF-8"
}
2025-01-30 14:52:43,142 - zmirror - INFO - writing cache
2025-01-30 14:52:43,142 - zmirror - INFO - cache written.
2025-01-30 14:52:43,254 - zmirror - INFO - handling client connection
2025-01-30 14:52:43,254 - zmirror - INFO - handling event
2025-01-30 14:52:43,255 - zmirror - INFO - {
  "UDEV_DATABASE_VERSION": "1",
  "ACTION": "add",
  "DEVPATH": "/devices/virtual/block/zd256",
  "SUBSYSTEM": "block",
  "DEVNAME": "/dev/zd256",
  "DEVTYPE": "disk",
  "DISKSEQ": "57",
  "SEQNUM": "7006",
  "MAJOR": "230",
  "MINOR": "256",
  "USEC_INITIALIZED": "676658019259",
  "PATH": "/nix/store/a658r4hq7scghskrlkph2jlhh2kq3l2j-udev-path/bin:/nix/store/a658r4hq7scghskrlkph2jlhh2kq3l2j-udev-path/sbin",
  "ID_FS_UUID": "0fyBQa-FUgx-EHGn-vBGB-b2JT-Sgrx-wTtjT7",
  "ID_FS_UUID_ENC": "0fyBQa-FUgx-EHGn-vBGB-b2JT-Sgrx-wTtjT7",
  "ID_FS_VERSION": "LVM2 001",
  "ID_FS_TYPE": "LVM2_member",
  "ID_FS_USAGE": "raid",
  "DEVLINKS": "/dev/disk/by-id/lvm-pv-uuid-0fyBQa-FUgx-EHGn-vBGB-b2JT-Sgrx-wTtjT7 /dev/disk/by-diskseq/57 /dev/disk/by-uuid /dev/zvol/eva/test",
  "LVM_VG_NAME_COMPLETE": "vg-test",
  "TAGS": ":systemd:",
  "CURRENT_TAGS": ":systemd:",
  "ID_PROCESSING": "1",
  "PYTHONNOUSERSITE": "true",
  "LC_CTYPE": "C.UTF-8"
}
2025-01-30 14:52:43,255 - zmirror - INFO - writing cache
2025-01-30 14:52:43,257 - zmirror - INFO - cache written.
2025-01-30 14:52:43,300 - zmirror - INFO - handling client connection
2025-01-30 14:52:43,300 - zmirror - INFO - handling event
2025-01-30 14:52:43,301 - zmirror - INFO - {
  "UDEV_DATABASE_VERSION": "1",
  "ACTION": "add",
  "DEVPATH": "/devices/virtual/block/dm-4",
  "SUBSYSTEM": "block",
  "DEVNAME": "/dev/dm-4",
  "DEVTYPE": "disk",
  "DISKSEQ": "58",
  "SEQNUM": "7008",
  "MAJOR": "254",
  "MINOR": "4",
  "USEC_INITIALIZED": "676658137221",
  "PATH": "/nix/store/a658r4hq7scghskrlkph2jlhh2kq3l2j-udev-path/bin:/nix/store/a658r4hq7scghskrlkph2jlhh2kq3l2j-udev-path/sbin",
  "DM_UDEV_DISABLE_OTHER_RULES_FLAG": "1",
  "DM_UDEV_DISABLE_SUBSYSTEM_RULES_FLAG": "1",
  "DM_UDEV_DISABLE_DISK_RULES_FLAG": "1",
  "DEVLINKS": "/dev/disk/by-uuid",
  "TAGS": ":systemd:",
  "CURRENT_TAGS": ":systemd:",
  "SYSTEMD_READY": "0",
  "ID_PROCESSING": "1",
  "PYTHONNOUSERSITE": "true",
  "LC_CTYPE": "C.UTF-8"
}
2025-01-30 14:52:43,301 - zmirror - INFO - writing cache
2025-01-30 14:52:43,302 - zmirror - INFO - cache written.
2025-01-30 14:52:43,412 - zmirror - INFO - handling client connection
2025-01-30 14:52:43,412 - zmirror - INFO - handling event
2025-01-30 14:52:43,413 - zmirror - INFO - {
  "UDEV_DATABASE_VERSION": "1",
  "ACTION": "change",
  "DEVPATH": "/devices/virtual/block/dm-4",
  "SUBSYSTEM": "block",
  "DM_COOKIE": "6347783",
  "DEVNAME": "/dev/dm-4",
  "DEVTYPE": "disk",
  "DISKSEQ": "58",
  "SEQNUM": "7009",
  "USEC_INITIALIZED": "676658137221",
  "MAJOR": "254",
  "MINOR": "4",
  "PATH": "/nix/store/a658r4hq7scghskrlkph2jlhh2kq3l2j-udev-path/bin:/nix/store/a658r4hq7scghskrlkph2jlhh2kq3l2j-udev-path/sbin",
  "TAGS": ":systemd:",
  "DM_UDEV_DISABLE_LIBRARY_FALLBACK_FLAG": "1",
  "DM_UDEV_PRIMARY_SOURCE_FLAG": "1",
  "DM_COOKIE_DISABLE_OTHER_RULES_FLAG": "",
  "DM_ACTIVATION": "1",
  "DM_NAME": "vg--test-lv--test",
  "DM_UUID": "LVM-4Cft1d3ZkiQb3Ijvd6m3YfyW9UUc1Y18hL1hykBBnbPwF7seExGBdZEvHQsdZ3Cf",
  ".DM_SUSPENDED": "0",
  "DM_UDEV_RULES_VSN": "3",
  "DEVLINKS": "/dev/vg-test/lv-test /dev/disk/by-id/dm-uuid-LVM-4Cft1d3ZkiQb3Ijvd6m3YfyW9UUc1Y18hL1hykBBnbPwF7seExGBdZEvHQsdZ3Cf /dev/mapper/vg--test-lv--test /dev/disk/by-uuid /dev/disk/by-id/dm-name-vg--test-lv--test",
  "DM_VG_NAME": "vg-test",
  "DM_LV_NAME": "lv-test",
  "DM_LV_LAYER": "",
  "CURRENT_TAGS": ":systemd:",
  "ID_PROCESSING": "1",
  "PYTHONNOUSERSITE": "true",
  "LC_CTYPE": "C.UTF-8"
}
2025-01-30 14:52:43,413 - zmirror - INFO - writing cache
2025-01-30 14:52:43,414 - zmirror - INFO - cache written.
2025-01-30 14:53:10,796 - zmirror - INFO - handling client connection
2025-01-30 14:53:10,796 - zmirror - INFO - handling event
2025-01-30 14:53:10,797 - zmirror - INFO - {
  "ZEVENT_CLASS": "sysevent.fs.zfs.history_event",
  "ZEVENT_POOL_GUID": "0xD842CE6598FB0398",
  "ZEVENT_HISTORY_DSID": "127427",
  "ZED": "/nix/store/6ayll03blb7pj4qbjqwmabx7plr8z8d2-zfs-user-2.2.7/sbin/zed",
  "ZEVENT_TIME_NSECS": "727300372",
  "ZEVENT_VERSION": "0",
  "ZEVENT_POOL_STATE": "0",
  "PWD": "/",
  "ZEVENT_HISTORY_TIME": "1738245190",
  "ZDB": "/nix/store/6ayll03blb7pj4qbjqwmabx7plr8z8d2-zfs-user-2.2.7/sbin/zdb",
  "ZEVENT_POOL_CONTEXT": "0",
  "ZPOOL": "/nix/store/6ayll03blb7pj4qbjqwmabx7plr8z8d2-zfs-user-2.2.7/sbin/zpool",
  "ZEVENT_HISTORY_INTERNAL_STR": "volmode=3",
  "ZEVENT_TIME_STRING": "2025-01-30 14:53:10+0100",
  "ZEVENT_HISTORY_INTERNAL_NAME": "set",
  "ZINJECT": "/nix/store/6ayll03blb7pj4qbjqwmabx7plr8z8d2-zfs-user-2.2.7/sbin/zinject",
  "ZFS_VERSION": "2.2.7",
  "ZEVENT_TIME": "1738245190 727300372",
  "ZFS_ALIAS": "zfs-2.2.7-1",
  "SHLVL": "1",
  "ZFS": "/nix/store/6ayll03blb7pj4qbjqwmabx7plr8z8d2-zfs-user-2.2.7/sbin/zfs",
  "ZFS_RELEASE": "1",
  "ZEVENT_HISTORY_TXG": "6496892",
  "ZEVENT_TIME_SECS": "1738245190",
  "IFS": " \t\n",
  "ZEVENT_HISTORY_HOSTNAME": "eva",
  "ZED_ZEDLET_DIR": "/etc/zfs/zed.d",
  "ZEVENT_SUBCLASS": "history_event",
  "PATH": "/nix/store/6ayll03blb7pj4qbjqwmabx7plr8z8d2-zfs-user-2.2.7/bin:/nix/store/b1wvkjx96i3s7wblz38ya0zr8i93zbc5-coreutils-9.5/bin:/nix/store/r686j19q8zcnccpg5h9xlf7bvvs27b8s-curl-8.11.0-bin/bin:/nix/store/nnin69nrnrrmnv2scbwyfkgh1rf51gh1-gawk-5.3.1/bin:/nix/store/85amyk92rg19l4fy0qmy7wr4jmq8p5z0-gnugrep-3.11/bin:/nix/store/vmby25zqxnx94awvj0k7zn0rsd0zyrwg-gnused-4.9/bin:/nix/store/j3mb8cfv3k995ll5kj3hv90jlcrlzlaw-net-tools-2.10/bin:/nix/store/ndqpb82si5a7znlb4wa84sjncl4mvgqm-util-linux-2.39.4-bin/bin",
  "ZEVENT_POOL": "eva",
  "ZEVENT_EID": "9562",
  "ZED_PID": "2636",
  "ZEVENT_POOL_STATE_STR": "ACTIVE",
  "ZEVENT_HISTORY_DSNAME": "eva/test",
  "_": "/nix/store/ikll2ssnl4w7dcmksf1vn6ga8h2h32mi-python3-3.12.7-env/bin/python",
  "PYTHONNOUSERSITE": "true",
  "LC_CTYPE": "C.UTF-8"
}
2025-01-30 14:53:10,797 - zmirror - INFO - writing cache
2025-01-30 14:53:10,798 - zmirror - INFO - cache written.
2025-01-30 14:53:25,633 - zmirror - INFO - handling client connection
2025-01-30 14:53:25,634 - zmirror - INFO - handling event
2025-01-30 14:53:25,634 - zmirror - INFO - {
  "ZEVENT_CLASS": "sysevent.fs.zfs.history_event",
  "ZEVENT_POOL_GUID": "0xD842CE6598FB0398",
  "ZEVENT_HISTORY_DSID": "127427",
  "ZED": "/nix/store/6ayll03blb7pj4qbjqwmabx7plr8z8d2-zfs-user-2.2.7/sbin/zed",
  "ZEVENT_TIME_NSECS": "560463641",
  "ZEVENT_VERSION": "0",
  "ZEVENT_POOL_STATE": "0",
  "PWD": "/",
  "ZEVENT_HISTORY_TIME": "1738245205",
  "ZDB": "/nix/store/6ayll03blb7pj4qbjqwmabx7plr8z8d2-zfs-user-2.2.7/sbin/zdb",
  "ZEVENT_POOL_CONTEXT": "0",
  "ZPOOL": "/nix/store/6ayll03blb7pj4qbjqwmabx7plr8z8d2-zfs-user-2.2.7/sbin/zpool",
  "ZEVENT_HISTORY_INTERNAL_STR": "volmode=0",
  "ZEVENT_TIME_STRING": "2025-01-30 14:53:25+0100",
  "ZEVENT_HISTORY_INTERNAL_NAME": "set",
  "ZINJECT": "/nix/store/6ayll03blb7pj4qbjqwmabx7plr8z8d2-zfs-user-2.2.7/sbin/zinject",
  "ZFS_VERSION": "2.2.7",
  "ZEVENT_TIME": "1738245205 560463641",
  "ZFS_ALIAS": "zfs-2.2.7-1",
  "SHLVL": "1",
  "ZFS": "/nix/store/6ayll03blb7pj4qbjqwmabx7plr8z8d2-zfs-user-2.2.7/sbin/zfs",
  "ZFS_RELEASE": "1",
  "ZEVENT_HISTORY_TXG": "6496895",
  "ZEVENT_TIME_SECS": "1738245205",
  "IFS": " \t\n",
  "ZEVENT_HISTORY_HOSTNAME": "eva",
  "ZED_ZEDLET_DIR": "/etc/zfs/zed.d",
  "ZEVENT_SUBCLASS": "history_event",
  "PATH": "/nix/store/6ayll03blb7pj4qbjqwmabx7plr8z8d2-zfs-user-2.2.7/bin:/nix/store/b1wvkjx96i3s7wblz38ya0zr8i93zbc5-coreutils-9.5/bin:/nix/store/r686j19q8zcnccpg5h9xlf7bvvs27b8s-curl-8.11.0-bin/bin:/nix/store/nnin69nrnrrmnv2scbwyfkgh1rf51gh1-gawk-5.3.1/bin:/nix/store/85amyk92rg19l4fy0qmy7wr4jmq8p5z0-gnugrep-3.11/bin:/nix/store/vmby25zqxnx94awvj0k7zn0rsd0zyrwg-gnused-4.9/bin:/nix/store/j3mb8cfv3k995ll5kj3hv90jlcrlzlaw-net-tools-2.10/bin:/nix/store/ndqpb82si5a7znlb4wa84sjncl4mvgqm-util-linux-2.39.4-bin/bin",
  "ZEVENT_POOL": "eva",
  "ZEVENT_EID": "9563",
  "ZED_PID": "2636",
  "ZEVENT_POOL_STATE_STR": "ACTIVE",
  "ZEVENT_HISTORY_DSNAME": "eva/test",
  "_": "/nix/store/ikll2ssnl4w7dcmksf1vn6ga8h2h32mi-python3-3.12.7-env/bin/python",
  "PYTHONNOUSERSITE": "true",
  "LC_CTYPE": "C.UTF-8"
}
2025-01-30 14:53:25,635 - zmirror - INFO - writing cache
2025-01-30 14:53:25,635 - zmirror - INFO - cache written.
2025-01-30 14:53:45,239 - zmirror - INFO - handling client connection
2025-01-30 14:53:45,240 - zmirror - INFO - handling event
2025-01-30 14:53:45,240 - zmirror - INFO - {
  "ZEVENT_CLASS": "sysevent.fs.zfs.history_event",
  "ZEVENT_POOL_GUID": "0xD842CE6598FB0398",
  "ZEVENT_HISTORY_DSID": "127427",
  "ZED": "/nix/store/6ayll03blb7pj4qbjqwmabx7plr8z8d2-zfs-user-2.2.7/sbin/zed",
  "ZEVENT_TIME_NSECS": "155679399",
  "ZEVENT_VERSION": "0",
  "ZEVENT_POOL_STATE": "0",
  "PWD": "/",
  "ZEVENT_HISTORY_TIME": "1738245225",
  "ZDB": "/nix/store/6ayll03blb7pj4qbjqwmabx7plr8z8d2-zfs-user-2.2.7/sbin/zdb",
  "ZEVENT_POOL_CONTEXT": "0",
  "ZPOOL": "/nix/store/6ayll03blb7pj4qbjqwmabx7plr8z8d2-zfs-user-2.2.7/sbin/zpool",
  "ZEVENT_HISTORY_INTERNAL_STR": "volmode=3",
  "ZEVENT_TIME_STRING": "2025-01-30 14:53:45+0100",
  "ZEVENT_HISTORY_INTERNAL_NAME": "set",
  "ZINJECT": "/nix/store/6ayll03blb7pj4qbjqwmabx7plr8z8d2-zfs-user-2.2.7/sbin/zinject",
  "ZFS_VERSION": "2.2.7",
  "ZEVENT_TIME": "1738245225 155679399",
  "ZFS_ALIAS": "zfs-2.2.7-1",
  "SHLVL": "1",
  "ZFS": "/nix/store/6ayll03blb7pj4qbjqwmabx7plr8z8d2-zfs-user-2.2.7/sbin/zfs",
  "ZFS_RELEASE": "1",
  "ZEVENT_HISTORY_TXG": "6496899",
  "ZEVENT_TIME_SECS": "1738245225",
  "IFS": " \t\n",
  "ZEVENT_HISTORY_HOSTNAME": "eva",
  "ZED_ZEDLET_DIR": "/etc/zfs/zed.d",
  "ZEVENT_SUBCLASS": "history_event",
  "PATH": "/nix/store/6ayll03blb7pj4qbjqwmabx7plr8z8d2-zfs-user-2.2.7/bin:/nix/store/b1wvkjx96i3s7wblz38ya0zr8i93zbc5-coreutils-9.5/bin:/nix/store/r686j19q8zcnccpg5h9xlf7bvvs27b8s-curl-8.11.0-bin/bin:/nix/store/nnin69nrnrrmnv2scbwyfkgh1rf51gh1-gawk-5.3.1/bin:/nix/store/85amyk92rg19l4fy0qmy7wr4jmq8p5z0-gnugrep-3.11/bin:/nix/store/vmby25zqxnx94awvj0k7zn0rsd0zyrwg-gnused-4.9/bin:/nix/store/j3mb8cfv3k995ll5kj3hv90jlcrlzlaw-net-tools-2.10/bin:/nix/store/ndqpb82si5a7znlb4wa84sjncl4mvgqm-util-linux-2.39.4-bin/bin",
  "ZEVENT_POOL": "eva",
  "ZEVENT_EID": "9564",
  "ZED_PID": "2636",
  "ZEVENT_POOL_STATE_STR": "ACTIVE",
  "ZEVENT_HISTORY_DSNAME": "eva/test",
  "_": "/nix/store/ikll2ssnl4w7dcmksf1vn6ga8h2h32mi-python3-3.12.7-env/bin/python",
  "PYTHONNOUSERSITE": "true",
  "LC_CTYPE": "C.UTF-8"
}
2025-01-30 14:53:45,240 - zmirror - INFO - writing cache
2025-01-30 14:53:45,241 - zmirror - INFO - cache written.
2025-01-30 14:54:29,024 - zmirror - INFO - handling client connection
2025-01-30 14:54:29,024 - zmirror - INFO - handling event
2025-01-30 14:54:29,025 - zmirror - INFO - {
  "ZEVENT_CLASS": "sysevent.fs.zfs.history_event",
  "ZEVENT_POOL_GUID": "0xD842CE6598FB0398",
  "ZEVENT_HISTORY_DSID": "127427",
  "ZED": "/nix/store/6ayll03blb7pj4qbjqwmabx7plr8z8d2-zfs-user-2.2.7/sbin/zed",
  "ZEVENT_TIME_NSECS": "940161786",
  "ZEVENT_VERSION": "0",
  "ZEVENT_POOL_STATE": "0",
  "PWD": "/",
  "ZEVENT_HISTORY_TIME": "1738245268",
  "ZDB": "/nix/store/6ayll03blb7pj4qbjqwmabx7plr8z8d2-zfs-user-2.2.7/sbin/zdb",
  "ZEVENT_POOL_CONTEXT": "0",
  "ZPOOL": "/nix/store/6ayll03blb7pj4qbjqwmabx7plr8z8d2-zfs-user-2.2.7/sbin/zpool",
  "ZEVENT_HISTORY_INTERNAL_STR": "volmode=0",
  "ZEVENT_TIME_STRING": "2025-01-30 14:54:28+0100",
  "ZEVENT_HISTORY_INTERNAL_NAME": "set",
  "ZINJECT": "/nix/store/6ayll03blb7pj4qbjqwmabx7plr8z8d2-zfs-user-2.2.7/sbin/zinject",
  "ZFS_VERSION": "2.2.7",
  "ZEVENT_TIME": "1738245268 940161786",
  "ZFS_ALIAS": "zfs-2.2.7-1",
  "SHLVL": "1",
  "ZFS": "/nix/store/6ayll03blb7pj4qbjqwmabx7plr8z8d2-zfs-user-2.2.7/sbin/zfs",
  "ZFS_RELEASE": "1",
  "ZEVENT_HISTORY_TXG": "6496908",
  "ZEVENT_TIME_SECS": "1738245268",
  "IFS": " \t\n",
  "ZEVENT_HISTORY_HOSTNAME": "eva",
  "ZED_ZEDLET_DIR": "/etc/zfs/zed.d",
  "ZEVENT_SUBCLASS": "history_event",
  "PATH": "/nix/store/6ayll03blb7pj4qbjqwmabx7plr8z8d2-zfs-user-2.2.7/bin:/nix/store/b1wvkjx96i3s7wblz38ya0zr8i93zbc5-coreutils-9.5/bin:/nix/store/r686j19q8zcnccpg5h9xlf7bvvs27b8s-curl-8.11.0-bin/bin:/nix/store/nnin69nrnrrmnv2scbwyfkgh1rf51gh1-gawk-5.3.1/bin:/nix/store/85amyk92rg19l4fy0qmy7wr4jmq8p5z0-gnugrep-3.11/bin:/nix/store/vmby25zqxnx94awvj0k7zn0rsd0zyrwg-gnused-4.9/bin:/nix/store/j3mb8cfv3k995ll5kj3hv90jlcrlzlaw-net-tools-2.10/bin:/nix/store/ndqpb82si5a7znlb4wa84sjncl4mvgqm-util-linux-2.39.4-bin/bin",
  "ZEVENT_POOL": "eva",
  "ZEVENT_EID": "9565",
  "ZED_PID": "2636",
  "ZEVENT_POOL_STATE_STR": "ACTIVE",
  "ZEVENT_HISTORY_DSNAME": "eva/test",
  "_": "/nix/store/ikll2ssnl4w7dcmksf1vn6ga8h2h32mi-python3-3.12.7-env/bin/python",
  "PYTHONNOUSERSITE": "true",
  "LC_CTYPE": "C.UTF-8"
}
2025-01-30 14:54:29,025 - zmirror - INFO - writing cache
2025-01-30 14:54:29,025 - zmirror - INFO - cache written.
